[
  TransferTransaction {
    type: 16724,
    networkType: 152,
    version: 1,
    deadline: Deadline { adjustedValue: 1559043555 },
    maxFee: UInt64 { lower: 2176055, higher: 0 },
    signature: '023794095B7996BC5FAEBF3AD6D282E9E0ABDD3E57F3BB7C126A27FE917F9DD175D838258022C8841D233CEBCBAFFE68F37FBC7E15B274DF785C346685B01B04',
    signer: PublicAccount {
      publicKey: 'B195A6942539A39D7CF30470C54F6B78FB734067FB9D3BFBD940C48773B6D192',
      address: [Address]
    },
    transactionInfo: TransactionInfo {
      height: [UInt64],
      index: 0,
      id: '624586920A21EB5CD27622CC',
      hash: '6F13ECFF84F7D7CF6034F4C0FE3AB1886A5D88D16474097DDC592F3AF2FDC362',
      merkleComponentHash: '6F13ECFF84F7D7CF6034F4C0FE3AB1886A5D88D16474097DDC592F3AF2FDC362'
    },
    payloadSize: 176,
    recipientAddress: Address {
      address: 'TDIR3I5NU2HPZ7KTNMMB4YWSIPP2X4LWVFOCIWY',
      networkType: 152
    },
    mosaics: [ [Mosaic] ],
    message: RawMessage { type: -1, payload: '' }
  },
  TransferTransaction {
    type: 16724,
    networkType: 152,
    version: 1,
    deadline: Deadline { adjustedValue: 1731061734 },
    maxFee: UInt64 { lower: 732864, higher: 0 },
    signature: '9ED21FB36CEEDB5287861D02AC747D157A5A67E86B31BA3D76DD33B52A285EBF2CBE0AACDD2CBCBE0157086280F3B864F863B52EB8701264EB8E23324BD8740C',
    signer: PublicAccount {
      publicKey: '8DEB6986E0B9DC5F4A71E0F73BB437567B156730BFCD3F133B977B43152EF492',
      address: [Address]
    },
    transactionInfo: TransactionInfo {
      height: [UInt64],
      index: 0,
      id: '624586E30A21EB5CD27662CF',
      hash: '81228E796123206AA949219F1342E5E8053A5FA56B0C64CA46DF5EE78A2D5C0A',
      merkleComponentHash: '81228E796123206AA949219F1342E5E8053A5FA56B0C64CA46DF5EE78A2D5C0A'
    },
    payloadSize: 176,
    recipientAddress: Address {
      address: 'TATO6GDWZRAT6IY4HWN4QUHIB73KZSY2T3NXX5A',
      networkType: 152
    },
    mosaics: [ [Mosaic] ],
    message: RawMessage { type: -1, payload: '' }
  },
  TransferTransaction {
    type: 16724,
    networkType: 152,
    version: 1,
    deadline: Deadline { adjustedValue: 1731089550 },
    maxFee: UInt64 { lower: 735152, higher: 0 },
    signature: '2102BF4F5AAC8E335D225F3F7E8A9A1EC5D15D43947EC32F90A76F8ED0C14C9F529AB7C89A98474E09A3C834CBA13E5C722170EFCA648B25D6CDD12BB679CE02',
    signer: PublicAccount {
      publicKey: '3C5873668AD628ED587097AC79547BC365F19F2A09C4FFAC9D68BA3E49E87513',
      address: [Address]
    },
    transactionInfo: TransactionInfo {
      height: [UInt64],
      index: 0,
      id: '624586E30A21EB5CD27662D2',
      hash: '9B207CCA1EFDF5F45C2CDDAEDD2CA240479A07DBAA5CF808A975975F7D692E81',
      merkleComponentHash: '9B207CCA1EFDF5F45C2CDDAEDD2CA240479A07DBAA5CF808A975975F7D692E81'
    },
    payloadSize: 176,
    recipientAddress: Address {
      address: 'TDIR3I5NU2HPZ7KTNMMB4YWSIPP2X4LWVFOCIWY',
      networkType: 152
    },
    mosaics: [ [Mosaic] ],
    message: RawMessage { type: -1, payload: '' }
  },
  AggregateTransaction {
    type: 16705,
    networkType: 152,
    version: 1,
    deadline: Deadline { adjustedValue: 1731300631 },
    maxFee: UInt64 { lower: 41600, higher: 0 },
    signature: '97B2EB514C3ED031ED714F62EBFC26A3D411F4D75B999CB64800757A5C9F2D26C12A3A45A3BC7DA3710B28DFCA6EB0FF1E9CBC311D7CB275DD99E5E22F005305',
    signer: PublicAccount {
      publicKey: '8DEB6986E0B9DC5F4A71E0F73BB437567B156730BFCD3F133B977B43152EF492',
      address: [Address]
    },
    transactionInfo: TransactionInfo {
      height: [UInt64],
      index: 0,
      id: '624586E30A21EB5CD27662DF',
      hash: '93CD5101C130359EF35886850979AD1A54673411D7DA12035FEC396AF5030208',
      merkleComponentHash: '93CD5101C130359EF35886850979AD1A54673411D7DA12035FEC396AF5030208'
    },
    payloadSize: 312,
    innerTransactions: [],
    cosignatures: []
  },
  TransferTransaction {
    type: 16724,
    networkType: 152,
    version: 1,
    deadline: Deadline { adjustedValue: 1731480001 },
    maxFee: UInt64 { lower: 737616, higher: 0 },
    signature: '9729B284B14FBE598D90C6A796E7AFBBF364E7799BE24BEB2FEB0B6C7FD94BA5D3786BDD3F66A827B46C551C0B5CA25C5B1912B12A4068F47956444DAD12370D',
    signer: PublicAccount {
      publicKey: '8DEB6986E0B9DC5F4A71E0F73BB437567B156730BFCD3F133B977B43152EF492',
      address: [Address]
    },
    transactionInfo: TransactionInfo {
      height: [UInt64],
      index: 0,
      id: '624586E30A21EB5CD27662EB',
      hash: '0E3350795F07707DC6ACE2D3D09D5DB898E369CB6A8E9AA4F1813B582CF3B873',
      merkleComponentHash: '0E3350795F07707DC6ACE2D3D09D5DB898E369CB6A8E9AA4F1813B582CF3B873'
    },
    payloadSize: 176,
    recipientAddress: Address {
      address: 'TCYMZAZR6OQUXBLJ2KX5ARFSMVIXR4J7QTUJRTY',
      networkType: 152
    },
    mosaics: [ [Mosaic] ],
    message: RawMessage { type: -1, payload: '' }
  },
  MosaicSupplyRevocationTransaction {
    type: 17229,
    networkType: 152,
    version: 1,
    deadline: Deadline { adjustedValue: 1731514634 },
    maxFee: UInt64 { lower: 168000, higher: 0 },
    signature: 'C01269D1008F56B3156CAD559B275B0D6735B2F12D23E67F61BA25A342725F7AD6C765366BDCA82B605A3B039D7F98D2AD1016226E6536CF8133635108E71B0D',
    signer: PublicAccount {
      publicKey: '8DEB6986E0B9DC5F4A71E0F73BB437567B156730BFCD3F133B977B43152EF492',
      address: [Address]
    },
    transactionInfo: TransactionInfo {
      height: [UInt64],
      index: 0,
      id: '624586E30A21EB5CD27662EE',
      hash: '222191D550FE5CBF148FDEF2A4A899461FDE11F33291683F9E2F6CFC39783B6E',
      merkleComponentHash: '222191D550FE5CBF148FDEF2A4A899461FDE11F33291683F9E2F6CFC39783B6E'
    },
    payloadSize: 168,
    sourceAddress: Address {
      address: 'TCYMZAZR6OQUXBLJ2KX5ARFSMVIXR4J7QTUJRTY',
      networkType: 152
    },
    mosaic: Mosaic { id: [MosaicId], amount: [UInt64] }
  },
  TransferTransaction {
    type: 16724,
    networkType: 152,
    version: 1,
    deadline: Deadline { adjustedValue: 1731997110 },
    maxFee: UInt64 { lower: 746416, higher: 0 },
    signature: 'C646AE8B844D1621BC972AB8F70E791690D588348F9A2439265E870D0C862B7CFD29472C2785BA791957A91AF9DF6B1ABC666353DD327EE52AD064319B4F9E0B',
    signer: PublicAccount {
      publicKey: '8DEB6986E0B9DC5F4A71E0F73BB437567B156730BFCD3F133B977B43152EF492',
      address: [Address]
    },
    transactionInfo: TransactionInfo {
      height: [UInt64],
      index: 0,
      id: '624586E30A21EB5CD2766306',
      hash: 'A30CB38A254D5261770A7DD91E161B17E874B9A16EBF2B3F0DBC2F0F39F15BC5',
      merkleComponentHash: 'A30CB38A254D5261770A7DD91E161B17E874B9A16EBF2B3F0DBC2F0F39F15BC5'
    },
    payloadSize: 176,
    recipientAddress: Address {
      address: 'TDG6OAZH3X73CLWYHHQWT44UQCGMVJNNDTVYU6A',
      networkType: 152
    },
    mosaics: [ [Mosaic] ],
    message: RawMessage { type: -1, payload: '' }
  },
  TransferTransaction {
    type: 16724,
    networkType: 152,
    version: 1,
    deadline: Deadline { adjustedValue: 1732039509 },
    maxFee: UInt64 { lower: 748880, higher: 0 },
    signature: '1A0795F8ABFE199408154DF8E71FEBA05BC6D4F1B17CD2DC1B82181FAC951D751B5A08A95E0C975BE8160BDD2ADD008C3518BCEAA13444AC919F0A7AA6ABDF0F',
    signer: PublicAccount {
      publicKey: '8DEB6986E0B9DC5F4A71E0F73BB437567B156730BFCD3F133B977B43152EF492',
      address: [Address]
    },
    transactionInfo: TransactionInfo {
      height: [UInt64],
      index: 0,
      id: '624586E30A21EB5CD2766309',
      hash: 'DD95805E83DB1288CD244CD5CA1547E4D38C18AE438B91EED7E3CD81425047BF',
      merkleComponentHash: 'DD95805E83DB1288CD244CD5CA1547E4D38C18AE438B91EED7E3CD81425047BF'
    },
    payloadSize: 176,
    recipientAddress: Address {
      address: 'TDZSX4LYVUALATZOYKKRU4PXUHSOILF6RKNASFY',
      networkType: 152
    },
    mosaics: [ [Mosaic] ],
    message: RawMessage { type: -1, payload: '' }
  },
  TransferTransaction {
    type: 16724,
    networkType: 152,
    version: 1,
    deadline: Deadline { adjustedValue: 1732181376 },
    maxFee: UInt64 { lower: 751344, higher: 0 },
    signature: 'E3E0045DBD4B947FD4F3ECF0A68E0E509FAD8656B1CD8A0C2D28936026C3B3EE3990B7AEF57C25CDD82E005EA45C3830F445C3A42FF617C4B4027BA29A76C708',
    signer: PublicAccount {
      publicKey: '8DEB6986E0B9DC5F4A71E0F73BB437567B156730BFCD3F133B977B43152EF492',
      address: [Address]
    },
    transactionInfo: TransactionInfo {
      height: [UInt64],
      index: 0,
      id: '624586E30A21EB5CD2766310',
      hash: '6C687B6ED216761A4D4E038AEA11B82113F84E5F66F853871274CB1548BA59AC',
      merkleComponentHash: '6C687B6ED216761A4D4E038AEA11B82113F84E5F66F853871274CB1548BA59AC'
    },
    payloadSize: 176,
    recipientAddress: Address {
      address: 'TD2EG3KPB2EFC4CZOHDIZKT4MAWRUCFUA66K6YQ',
      networkType: 152
    },
    mosaics: [ [Mosaic] ],
    message: RawMessage { type: -1, payload: '' }
  },
  TransferTransaction {
    type: 16724,
    networkType: 152,
    version: 1,
    deadline: Deadline { adjustedValue: 1732249905 },
    maxFee: UInt64 { lower: 753808, higher: 0 },
    signature: '752C1DA181276FF61142ACEC1C80289B883A66C8DCB0D7BB1F3868612B43F3B50206B1A5BD14E4758B4723A290B63060A5E50AF5BEBEC5A15C1137BB0404A709',
    signer: PublicAccount {
      publicKey: '8DEB6986E0B9DC5F4A71E0F73BB437567B156730BFCD3F133B977B43152EF492',
      address: [Address]
    },
    transactionInfo: TransactionInfo {
      height: [UInt64],
      index: 0,
      id: '624586E30A21EB5CD2766317',
      hash: 'A622FE16ADBBC45F4FA765C9D9BA9DA903D99204F1017C2F426B8770A65A894E',
      merkleComponentHash: 'A622FE16ADBBC45F4FA765C9D9BA9DA903D99204F1017C2F426B8770A65A894E'
    },
    payloadSize: 176,
    recipientAddress: Address {
      address: 'TC3ARZWQT6UBGIWLZATK436OBSTSO6AHKJ7N4XI',
      networkType: 152
    },
    mosaics: [ [Mosaic] ],
    message: RawMessage { type: -1, payload: '' }
  },
  MosaicSupplyRevocationTransaction {
    type: 17229,
    networkType: 152,
    version: 1,
    deadline: Deadline { adjustedValue: 1733112358 },
    maxFee: UInt64 { lower: 168000, higher: 0 },
    signature: 'EFCE91064C05E0413DFB9D927FC44810E029AEEEC709C66DC3AAA02DDD1BD5C1F55D74334F54F19CEF53671C1031F4D13A91B7217EA2B048D5E8975133197D05',
    signer: PublicAccount {
      publicKey: '8DEB6986E0B9DC5F4A71E0F73BB437567B156730BFCD3F133B977B43152EF492',
      address: [Address]
    },
    transactionInfo: TransactionInfo {
      height: [UInt64],
      index: 4,
      id: '624586F50A21EB5CD2766348',
      hash: 'FE7364A6A10D0DF6B4EA7428FAD984529A4DE1B008C70F364C18EFA4C52375BB',
      merkleComponentHash: 'FE7364A6A10D0DF6B4EA7428FAD984529A4DE1B008C70F364C18EFA4C52375BB'
    },
    payloadSize: 168,
    sourceAddress: Address {
      address: 'TDG6OAZH3X73CLWYHHQWT44UQCGMVJNNDTVYU6A',
      networkType: 152
    },
    mosaic: Mosaic { id: [MosaicId], amount: [UInt64] }
  },
  TransferTransaction {
    type: 16724,
    networkType: 152,
    version: 1,
    deadline: Deadline { adjustedValue: 1733113023 },
    maxFee: UInt64 { lower: 2000000, higher: 0 },
    signature: '96F2CD259203C276CACA0DD0CD1F3AB49B7277524C10B5E3CA054CA97C06729878ED10B50E68B7C753A6A98AA1F6F0B448865F8316E85B7459452565FF749506',
    signer: PublicAccount {
      publicKey: '8DEB6986E0B9DC5F4A71E0F73BB437567B156730BFCD3F133B977B43152EF492',
      address: [Address]
    },
    transactionInfo: TransactionInfo {
      height: [UInt64],
      index: 5,
      id: '624586F50A21EB5CD276634B',
      hash: '7090B97ACE2753CB12518E773ED5235815B44EBE919B68C7B4721BD8A554540D',
      merkleComponentHash: '7090B97ACE2753CB12518E773ED5235815B44EBE919B68C7B4721BD8A554540D'
    },
    payloadSize: 199,
    recipientAddress: Address {
      address: 'TDG6OAZH3X73CLWYHHQWT44UQCGMVJNNDTVYU6A',
      networkType: 152
    },
    mosaics: [ [Mosaic] ],
    message: PlainMessage { type: 0, payload: 'This is a test message' }
  },
  MosaicSupplyRevocationTransaction {
    type: 17229,
    networkType: 152,
    version: 1,
    deadline: Deadline { adjustedValue: 1733106207 },
    maxFee: UInt64 { lower: 168000, higher: 0 },
    signature: '2A566B198F16AF5F5F2D2292A449C888562B4E0BCDD8F0F5F41E2E9CEA91AD35FF9FFD8896C0974CB2149EE6EE121E2F9F34F364BE3622597C92E42841D9A600',
    signer: PublicAccount {
      publicKey: '8DEB6986E0B9DC5F4A71E0F73BB437567B156730BFCD3F133B977B43152EF492',
      address: [Address]
    },
    transactionInfo: TransactionInfo {
      height: [UInt64],
      index: 2,
      id: '624586F50A21EB5CD276634C',
      hash: 'F12B5694DB6C9174F848C961593A3E27FED8CB02E45C9570EA1A18B12624F959',
      merkleComponentHash: 'F12B5694DB6C9174F848C961593A3E27FED8CB02E45C9570EA1A18B12624F959'
    },
    payloadSize: 168,
    sourceAddress: Address {
      address: 'TCYMZAZR6OQUXBLJ2KX5ARFSMVIXR4J7QTUJRTY',
      networkType: 152
    },
    mosaic: Mosaic { id: [MosaicId], amount: [UInt64] }
  },
  MosaicSupplyRevocationTransaction {
    type: 17229,
    networkType: 152,
    version: 1,
    deadline: Deadline { adjustedValue: 1733107378 },
    maxFee: UInt64 { lower: 168000, higher: 0 },
    signature: '41EA48108F7C6B5D4B8F94436033B2750892A08D61BDEC103CABAA81D78EA2B89E27EA5E0828CF65D612D06F786F4F93C76D9ABCC618717A25D9D737702FF607',
    signer: PublicAccount {
      publicKey: '8DEB6986E0B9DC5F4A71E0F73BB437567B156730BFCD3F133B977B43152EF492',
      address: [Address]
    },
    transactionInfo: TransactionInfo {
      height: [UInt64],
      index: 3,
      id: '624586F50A21EB5CD276634D',
      hash: '02F2EED6C30D2730FE8A7D5ECC719E628776A44B2239EEBAA0D439F3F8860C33',
      merkleComponentHash: '02F2EED6C30D2730FE8A7D5ECC719E628776A44B2239EEBAA0D439F3F8860C33'
    },
    payloadSize: 168,
    sourceAddress: Address {
      address: 'TCYMZAZR6OQUXBLJ2KX5ARFSMVIXR4J7QTUJRTY',
      networkType: 152
    },
    mosaic: Mosaic { id: [MosaicId], amount: [UInt64] }
  },
  MosaicSupplyRevocationTransaction {
    type: 17229,
    networkType: 152,
    version: 1,
    deadline: Deadline { adjustedValue: 1736397781 },
    maxFee: UInt64 { lower: 168000, higher: 0 },
    signature: 'DB56D64C0BC41CEB7C949C8039C3FC904478AD92224B5732AFC0B3BEBC2DE61A0B3C10021B9A995F0C1965079B9900FE3C05F1661097BB3565A0B6AF29D8590C',
    signer: PublicAccount {
      publicKey: '8DEB6986E0B9DC5F4A71E0F73BB437567B156730BFCD3F133B977B43152EF492',
      address: [Address]
    },
    transactionInfo: TransactionInfo {
      height: [UInt64],
      index: 0,
      id: '624586F60A21EB5CD276AB4D',
      hash: 'C5ADE03E1353CD06B68A1F635A567EC9F60CDD307F882E214F86287A029FA236',
      merkleComponentHash: 'C5ADE03E1353CD06B68A1F635A567EC9F60CDD307F882E214F86287A029FA236'
    },
    payloadSize: 168,
    sourceAddress: Address {
      address: 'TCYMZAZR6OQUXBLJ2KX5ARFSMVIXR4J7QTUJRTY',
      networkType: 152
    },
    mosaic: Mosaic { id: [MosaicId], amount: [UInt64] }
  },
  MosaicSupplyRevocationTransaction {
    type: 17229,
    networkType: 152,
    version: 1,
    deadline: Deadline { adjustedValue: 1736401157 },
    maxFee: UInt64 { lower: 168000, higher: 0 },
    signature: 'AB5AFC5103AC95000739A8F8EA1D34D9C77718BC488891B29B3AEA01331BBC02C0505CCF1490C2FCDDAB4C13AF8DDFDFBEAB839CDB67FAE1CA97DEA953605B0F',
    signer: PublicAccount {
      publicKey: '8DEB6986E0B9DC5F4A71E0F73BB437567B156730BFCD3F133B977B43152EF492',
      address: [Address]
    },
    transactionInfo: TransactionInfo {
      height: [UInt64],
      index: 5,
      id: '624586F60A21EB5CD276AB4E',
      hash: 'BA0A969A045921E369A1FAD832BBAAABC7304BA186531189E040B2A095B3AF9D',
      merkleComponentHash: 'BA0A969A045921E369A1FAD832BBAAABC7304BA186531189E040B2A095B3AF9D'
    },
    payloadSize: 168,
    sourceAddress: Address {
      address: 'TDG6OAZH3X73CLWYHHQWT44UQCGMVJNNDTVYU6A',
      networkType: 152
    },
    mosaic: Mosaic { id: [MosaicId], amount: [UInt64] }
  },
  TransferTransaction {
    type: 16724,
    networkType: 152,
    version: 1,
    deadline: Deadline { adjustedValue: 1736401628 },
    maxFee: UInt64 { lower: 2000000, higher: 0 },
    signature: '4E457F8B2790A385A970B3B4B1CB4BE79135F3663B0CA9BEC701CA326A41070570EED5473894DC98A662822623812302DE0AB4AFBFE5EBD376742372429C9704',
    signer: PublicAccount {
      publicKey: '8DEB6986E0B9DC5F4A71E0F73BB437567B156730BFCD3F133B977B43152EF492',
      address: [Address]
    },
    transactionInfo: TransactionInfo {
      height: [UInt64],
      index: 6,
      id: '624586F60A21EB5CD276AB4F',
      hash: '7E3851B79E4FB2E684E606938AA649B4D9313176D21C9ECAB5E227F40F3605F9',
      merkleComponentHash: '7E3851B79E4FB2E684E606938AA649B4D9313176D21C9ECAB5E227F40F3605F9'
    },
    payloadSize: 199,
    recipientAddress: Address {
      address: 'TDG6OAZH3X73CLWYHHQWT44UQCGMVJNNDTVYU6A',
      networkType: 152
    },
    mosaics: [ [Mosaic] ],
    message: PlainMessage { type: 0, payload: 'This is a test message' }
  },
  TransferTransaction {
    type: 16724,
    networkType: 152,
    version: 1,
    deadline: Deadline { adjustedValue: 1736398413 },
    maxFee: UInt64 { lower: 2000000, higher: 0 },
    signature: '5B13094E268071B206F96AA08F634220D9F8BA6BE9621340D3717E52CF00524C3161EE4790C45784AF39C40A7727562239AF72B2EC0A2DCD7C08C275DF8BB503',
    signer: PublicAccount {
      publicKey: '8DEB6986E0B9DC5F4A71E0F73BB437567B156730BFCD3F133B977B43152EF492',
      address: [Address]
    },
    transactionInfo: TransactionInfo {
      height: [UInt64],
      index: 1,
      id: '624586F60A21EB5CD276AB50',
      hash: '0930E5952817382FD98429E1AB75F45A38827B321EE498EE6D15DC275483608F',
      merkleComponentHash: '0930E5952817382FD98429E1AB75F45A38827B321EE498EE6D15DC275483608F'
    },
    payloadSize: 199,
    recipientAddress: Address {
      address: 'TCYMZAZR6OQUXBLJ2KX5ARFSMVIXR4J7QTUJRTY',
      networkType: 152
    },
    mosaics: [ [Mosaic] ],
    message: PlainMessage { type: 0, payload: 'This is a test message' }
  },
  MosaicSupplyRevocationTransaction {
    type: 17229,
    networkType: 152,
    version: 1,
    deadline: Deadline { adjustedValue: 1736399040 },
    maxFee: UInt64 { lower: 168000, higher: 0 },
    signature: '98A7E7EFF39331C04141AC9AE1200E6E75EF43A31C2675EA3D8F0D8B5794E236EEF4BF28320AB35BFDAF4EEAE4F46F490803FF00DE057236BC756048075E880B',
    signer: PublicAccount {
      publicKey: '8DEB6986E0B9DC5F4A71E0F73BB437567B156730BFCD3F133B977B43152EF492',
      address: [Address]
    },
    transactionInfo: TransactionInfo {
      height: [UInt64],
      index: 2,
      id: '624586F60A21EB5CD276AB51',
      hash: '0898FC70F0DC0DEAAA08299D7956F3F4BE3538A6A0B42C7407A72E6FB76332E9',
      merkleComponentHash: '0898FC70F0DC0DEAAA08299D7956F3F4BE3538A6A0B42C7407A72E6FB76332E9'
    },
    payloadSize: 168,
    sourceAddress: Address {
      address: 'TCYMZAZR6OQUXBLJ2KX5ARFSMVIXR4J7QTUJRTY',
      networkType: 152
    },
    mosaic: Mosaic { id: [MosaicId], amount: [UInt64] }
  },
  TransferTransaction {
    type: 16724,
    networkType: 152,
    version: 1,
    deadline: Deadline { adjustedValue: 1736402320 },
    maxFee: UInt64 { lower: 2000000, higher: 0 },
    signature: '55BA504E676C837B6501A7AA4ECD27E25B929043976ED6E436D96A11973B3F295E207727BC97C31200CBFC78FE215BA346D936AFDF3E72E51FDC9D7C1546B50E',
    signer: PublicAccount {
      publicKey: '8DEB6986E0B9DC5F4A71E0F73BB437567B156730BFCD3F133B977B43152EF492',
      address: [Address]
    },
    transactionInfo: TransactionInfo {
      height: [UInt64],
      index: 7,
      id: '624586F60A21EB5CD276AB52',
      hash: '47035B8D39C7FBB1F6AD9139646C60111E704977866F3794EBCE61025278C996',
      merkleComponentHash: '47035B8D39C7FBB1F6AD9139646C60111E704977866F3794EBCE61025278C996'
    },
    payloadSize: 199,
    recipientAddress: Address {
      address: 'TDG6OAZH3X73CLWYHHQWT44UQCGMVJNNDTVYU6A',
      networkType: 152
    },
    mosaics: [ [Mosaic] ],
    message: PlainMessage { type: 0, payload: 'This is a test message' }
  },
  TransferTransaction {
    type: 16724,
    networkType: 152,
    version: 1,
    deadline: Deadline { adjustedValue: 1736399573 },
    maxFee: UInt64 { lower: 2000000, higher: 0 },
    signature: '156747AC21625C695496C54E166263C581E8278C2295F50D486433CB474A7C791DB209A8CF31046DDCC48A8FFD439828D901289AC26D891BC96371E9F196E902',
    signer: PublicAccount {
      publicKey: '8DEB6986E0B9DC5F4A71E0F73BB437567B156730BFCD3F133B977B43152EF492',
      address: [Address]
    },
    transactionInfo: TransactionInfo {
      height: [UInt64],
      index: 3,
      id: '624586F60A21EB5CD276AB53',
      hash: 'B075CC5BB327EC45DCF212B39438C5E06284258F530C43510D02C9844652A733',
      merkleComponentHash: 'B075CC5BB327EC45DCF212B39438C5E06284258F530C43510D02C9844652A733'
    },
    payloadSize: 199,
    recipientAddress: Address {
      address: 'TCYMZAZR6OQUXBLJ2KX5ARFSMVIXR4J7QTUJRTY',
      networkType: 152
    },
    mosaics: [ [Mosaic] ],
    message: PlainMessage { type: 0, payload: 'This is a test message' }
  },
  MosaicSupplyRevocationTransaction {
    type: 17229,
    networkType: 152,
    version: 1,
    deadline: Deadline { adjustedValue: 1736405929 },
    maxFee: UInt64 { lower: 168000, higher: 0 },
    signature: '35F33A0CC3AB8108E85E3DA04C54B5CA9326E3BE4FE09A436585D8B6CC46BCD7BA272A1BDF3A947298589C14D741AE92AB4757245DF7E677D17EB2214065760B',
    signer: PublicAccount {
      publicKey: '8DEB6986E0B9DC5F4A71E0F73BB437567B156730BFCD3F133B977B43152EF492',
      address: [Address]
    },
    transactionInfo: TransactionInfo {
      height: [UInt64],
      index: 8,
      id: '624586F60A21EB5CD276AB54',
      hash: '9E7DC2765EC426C53B4BB54320504371202C3FB7E1AA265C83DBC1287E96B580',
      merkleComponentHash: '9E7DC2765EC426C53B4BB54320504371202C3FB7E1AA265C83DBC1287E96B580'
    },
    payloadSize: 168,
    sourceAddress: Address {
      address: 'TDG6OAZH3X73CLWYHHQWT44UQCGMVJNNDTVYU6A',
      networkType: 152
    },
    mosaic: Mosaic { id: [MosaicId], amount: [UInt64] }
  },
  TransferTransaction {
    type: 16724,
    networkType: 152,
    version: 1,
    deadline: Deadline { adjustedValue: 1736406586 },
    maxFee: UInt64 { lower: 2000000, higher: 0 },
    signature: 'BF152299F81DE4030A60F262F1C5AA6A679B8B065DBEACBFD23EBE8A647F61B6D319F927E4884A3510FAF44B2E47B3A96C3E2DAC1A84EBC3E4B09D5AB222860B',
    signer: PublicAccount {
      publicKey: '8DEB6986E0B9DC5F4A71E0F73BB437567B156730BFCD3F133B977B43152EF492',
      address: [Address]
    },
    transactionInfo: TransactionInfo {
      height: [UInt64],
      index: 9,
      id: '624586F60A21EB5CD276AB55',
      hash: '66774C8E45DBF3C90EC1F2BE7FDDB59DDB8F53BE5EAB726EF5422CDF5565C903',
      merkleComponentHash: '66774C8E45DBF3C90EC1F2BE7FDDB59DDB8F53BE5EAB726EF5422CDF5565C903'
    },
    payloadSize: 199,
    recipientAddress: Address {
      address: 'TDG6OAZH3X73CLWYHHQWT44UQCGMVJNNDTVYU6A',
      networkType: 152
    },
    mosaics: [ [Mosaic] ],
    message: PlainMessage { type: 0, payload: 'This is a test message' }
  },
  MosaicSupplyRevocationTransaction {
    type: 17229,
    networkType: 152,
    version: 1,
    deadline: Deadline { adjustedValue: 1736400717 },
    maxFee: UInt64 { lower: 168000, higher: 0 },
    signature: '9130487F9C7476B5C61319D973EB401A5A116129C32283B38029A3EB25BF1927062BD2196E10FAF4FE92AA8003264619C2BF02E971FCF6405A2D5AA46E937F04',
    signer: PublicAccount {
      publicKey: '8DEB6986E0B9DC5F4A71E0F73BB437567B156730BFCD3F133B977B43152EF492',
      address: [Address]
    },
    transactionInfo: TransactionInfo {
      height: [UInt64],
      index: 4,
      id: '624586F60A21EB5CD276AB56',
      hash: '943FCBB05401A41CC0826AE5FF9080BF410427CA7BB7E969FCD47E6BE22FB095',
      merkleComponentHash: '943FCBB05401A41CC0826AE5FF9080BF410427CA7BB7E969FCD47E6BE22FB095'
    },
    payloadSize: 168,
    sourceAddress: Address {
      address: 'TDG6OAZH3X73CLWYHHQWT44UQCGMVJNNDTVYU6A',
      networkType: 152
    },
    mosaic: Mosaic { id: [MosaicId], amount: [UInt64] }
  },
  MosaicSupplyRevocationTransaction {
    type: 17229,
    networkType: 152,
    version: 1,
    deadline: Deadline { adjustedValue: 1736407266 },
    maxFee: UInt64 { lower: 168000, higher: 0 },
    signature: 'F11C7260AF44C41ACF8C8FC3E21893C40675503F77FAAB9DC9831C772D5355F26CA3C7844858D6602BDA1601BFBE445E217E1C321C325E696B34686DA897E708',
    signer: PublicAccount {
      publicKey: '8DEB6986E0B9DC5F4A71E0F73BB437567B156730BFCD3F133B977B43152EF492',
      address: [Address]
    },
    transactionInfo: TransactionInfo {
      height: [UInt64],
      index: 10,
      id: '624586F60A21EB5CD276AB57',
      hash: '9F91B673045F69E584C147E4328F821B2EFEE3D4853AD92BF56466D5E76C4B94',
      merkleComponentHash: '9F91B673045F69E584C147E4328F821B2EFEE3D4853AD92BF56466D5E76C4B94'
    },
    payloadSize: 168,
    sourceAddress: Address {
      address: 'TDG6OAZH3X73CLWYHHQWT44UQCGMVJNNDTVYU6A',
      networkType: 152
    },
    mosaic: Mosaic { id: [MosaicId], amount: [UInt64] }
  },
  MosaicSupplyRevocationTransaction {
    type: 17229,
    networkType: 152,
    version: 1,
    deadline: Deadline { adjustedValue: 1736409414 },
    maxFee: UInt64 { lower: 168000, higher: 0 },
    signature: 'F20FD1AEA73C817DE9D71866B86E7CD36D6AC20B1A58A02FA1114CE47EACDA36EC15412775A23333EB436AA4CCB0F4269D26496230B259A7EDBA6995B1DB9106',
    signer: PublicAccount {
      publicKey: '8DEB6986E0B9DC5F4A71E0F73BB437567B156730BFCD3F133B977B43152EF492',
      address: [Address]
    },
    transactionInfo: TransactionInfo {
      height: [UInt64],
      index: 11,
      id: '624586F60A21EB5CD276AB58',
      hash: '2A8231278E8E7BAC055FF9B5E914C9A1580A4165BB66C3FC7F79C805C1DCA5DA',
      merkleComponentHash: '2A8231278E8E7BAC055FF9B5E914C9A1580A4165BB66C3FC7F79C805C1DCA5DA'
    },
    payloadSize: 168,
    sourceAddress: Address {
      address: 'TDZSX4LYVUALATZOYKKRU4PXUHSOILF6RKNASFY',
      networkType: 152
    },
    mosaic: Mosaic { id: [MosaicId], amount: [UInt64] }
  },
  TransferTransaction {
    type: 16724,
    networkType: 152,
    version: 1,
    deadline: Deadline { adjustedValue: 1736409957 },
    maxFee: UInt64 { lower: 2000000, higher: 0 },
    signature: 'C597729E197C784EA53F5304D73AF2825AD0913E748C9D9E9C80220B60F0171C84094A325AF04A669C6D193B116594B8910BD91DFD1C203F5DD3B0E23D4BEE0B',
    signer: PublicAccount {
      publicKey: '8DEB6986E0B9DC5F4A71E0F73BB437567B156730BFCD3F133B977B43152EF492',
      address: [Address]
    },
    transactionInfo: TransactionInfo {
      height: [UInt64],
      index: 12,
      id: '624586F60A21EB5CD276AB59',
      hash: '12F7A6BCF84C6CEAAD563BE30E0D92E60292B261843843E86584CA4A1A759956',
      merkleComponentHash: '12F7A6BCF84C6CEAAD563BE30E0D92E60292B261843843E86584CA4A1A759956'
    },
    payloadSize: 199,
    recipientAddress: Address {
      address: 'TDZSX4LYVUALATZOYKKRU4PXUHSOILF6RKNASFY',
      networkType: 152
    },
    mosaics: [ [Mosaic] ],
    message: PlainMessage { type: 0, payload: 'This is a test message' }
  },
  TransferTransaction {
    type: 16724,
    networkType: 152,
    version: 1,
    deadline: Deadline { adjustedValue: 1736410314 },
    maxFee: UInt64 { lower: 2000000, higher: 0 },
    signature: 'F77617BBB73FA6114BEFD7BB2FC13748956E9D7CEC5452BD58C10E13989A73CA51E92C55EE055B20961B1F6109EFF1436A184F6EB7A2925F95B4CB7AF02A2804',
    signer: PublicAccount {
      publicKey: '8DEB6986E0B9DC5F4A71E0F73BB437567B156730BFCD3F133B977B43152EF492',
      address: [Address]
    },
    transactionInfo: TransactionInfo {
      height: [UInt64],
      index: 13,
      id: '624586F60A21EB5CD276AB5A',
      hash: 'EE7F144A3BBDA44AD2842371A94A47AC96AC1D1FC9D6DEDD25522A914E256FC0',
      merkleComponentHash: 'EE7F144A3BBDA44AD2842371A94A47AC96AC1D1FC9D6DEDD25522A914E256FC0'
    },
    payloadSize: 199,
    recipientAddress: Address {
      address: 'TDZSX4LYVUALATZOYKKRU4PXUHSOILF6RKNASFY',
      networkType: 152
    },
    mosaics: [ [Mosaic] ],
    message: PlainMessage { type: 0, payload: 'This is a test message' }
  },
  MosaicSupplyRevocationTransaction {
    type: 17229,
    networkType: 152,
    version: 1,
    deadline: Deadline { adjustedValue: 1736412165 },
    maxFee: UInt64 { lower: 168000, higher: 0 },
    signature: '202AAB8BECAD67D1896E4765D277E892CA9EA71472D615E0269FD606D5EE24E7005F131551379589C85EA18656601C59C0CD94E2FB8989AA48EB15A1EAF7BC05',
    signer: PublicAccount {
      publicKey: '8DEB6986E0B9DC5F4A71E0F73BB437567B156730BFCD3F133B977B43152EF492',
      address: [Address]
    },
    transactionInfo: TransactionInfo {
      height: [UInt64],
      index: 14,
      id: '624586F60A21EB5CD276AB5B',
      hash: 'DD06D9966A40008E9B841197A5AE2D1D2469FBE79B71DE6097B73FD1686B8114',
      merkleComponentHash: 'DD06D9966A40008E9B841197A5AE2D1D2469FBE79B71DE6097B73FD1686B8114'
    },
    payloadSize: 168,
    sourceAddress: Address {
      address: 'TD2EG3KPB2EFC4CZOHDIZKT4MAWRUCFUA66K6YQ',
      networkType: 152
    },
    mosaic: Mosaic { id: [MosaicId], amount: [UInt64] }
  },
  TransferTransaction {
    type: 16724,
    networkType: 152,
    version: 1,
    deadline: Deadline { adjustedValue: 1736412513 },
    maxFee: UInt64 { lower: 2000000, higher: 0 },
    signature: 'C2D4DA8ECC29C44A55B26A3D09A4BFBBFFD8B4123B07E44CB5C85A134D3F3A3593E215AAABA7831E0EE3A098D50F5DA457EDD1416289CA66C38225555967DA05',
    signer: PublicAccount {
      publicKey: '8DEB6986E0B9DC5F4A71E0F73BB437567B156730BFCD3F133B977B43152EF492',
      address: [Address]
    },
    transactionInfo: TransactionInfo {
      height: [UInt64],
      index: 15,
      id: '624586F60A21EB5CD276AB5C',
      hash: 'D570027D901A1EA39D63DD5FEB43ACDEC4BEB438C16E8B47187CB7312F589DF2',
      merkleComponentHash: 'D570027D901A1EA39D63DD5FEB43ACDEC4BEB438C16E8B47187CB7312F589DF2'
    },
    payloadSize: 199,
    recipientAddress: Address {
      address: 'TD2EG3KPB2EFC4CZOHDIZKT4MAWRUCFUA66K6YQ',
      networkType: 152
    },
    mosaics: [ [Mosaic] ],
    message: PlainMessage { type: 0, payload: 'This is a test message' }
  },
  TransferTransaction {
    type: 16724,
    networkType: 152,
    version: 1,
    deadline: Deadline { adjustedValue: 1736414630 },
    maxFee: UInt64 { lower: 2000000, higher: 0 },
    signature: 'F174A4BA3C282755E06ED32D7B6AB7956C755E1AF21E9975BE6EAF0EFFC68A9C20B9769E4A5FE0F797596515885E4E6CF5779335373053CF421B999C0BC89805',
    signer: PublicAccount {
      publicKey: '8DEB6986E0B9DC5F4A71E0F73BB437567B156730BFCD3F133B977B43152EF492',
      address: [Address]
    },
    transactionInfo: TransactionInfo {
      height: [UInt64],
      index: 16,
      id: '624586F60A21EB5CD276AB5D',
      hash: 'D782C17FC8AFB3B540623403CE8AF33A0CF70C42943CC5A323F3295D5492ECF0',
      merkleComponentHash: 'D782C17FC8AFB3B540623403CE8AF33A0CF70C42943CC5A323F3295D5492ECF0'
    },
    payloadSize: 199,
    recipientAddress: Address {
      address: 'TC3ARZWQT6UBGIWLZATK436OBSTSO6AHKJ7N4XI',
      networkType: 152
    },
    mosaics: [ [Mosaic] ],
    message: PlainMessage { type: 0, payload: 'This is a test message' }
  },
  TransferTransaction {
    type: 16724,
    networkType: 152,
    version: 1,
    deadline: Deadline { adjustedValue: 1736414771 },
    maxFee: UInt64 { lower: 2000000, higher: 0 },
    signature: '8BA10094DC2E13AB6B24435E4ECC6F9A267C105117ECDE12EBA3ADCAAC4634F8984BCDA269C48BFE36F16E75C30846780035D9ECD2D54BE98EC151DCEA892D09',
    signer: PublicAccount {
      publicKey: '8DEB6986E0B9DC5F4A71E0F73BB437567B156730BFCD3F133B977B43152EF492',
      address: [Address]
    },
    transactionInfo: TransactionInfo {
      height: [UInt64],
      index: 17,
      id: '624586F60A21EB5CD276AB5E',
      hash: '7C5558622FAC7B1059F0893D1C8F1D9804B367B42040E2AB3813D68B3F0A3006',
      merkleComponentHash: '7C5558622FAC7B1059F0893D1C8F1D9804B367B42040E2AB3813D68B3F0A3006'
    },
    payloadSize: 199,
    recipientAddress: Address {
      address: 'TC3ARZWQT6UBGIWLZATK436OBSTSO6AHKJ7N4XI',
      networkType: 152
    },
    mosaics: [ [Mosaic] ],
    message: PlainMessage { type: 0, payload: 'This is a test message' }
  },
  MosaicSupplyRevocationTransaction {
    type: 17229,
    networkType: 152,
    version: 1,
    deadline: Deadline { adjustedValue: 1736415305 },
    maxFee: UInt64 { lower: 168000, higher: 0 },
    signature: '274C058A943D8403C4321CD4968C73C40B97E36B5AC9A37F99C54A3CDB8268420EA0AECEA8E0EAC24DAEF9E00BBF97985EABA830248FAEA2968775570D676102',
    signer: PublicAccount {
      publicKey: '8DEB6986E0B9DC5F4A71E0F73BB437567B156730BFCD3F133B977B43152EF492',
      address: [Address]
    },
    transactionInfo: TransactionInfo {
      height: [UInt64],
      index: 18,
      id: '624586F60A21EB5CD276AB5F',
      hash: 'C12C982874800627C09EDA69310C4699B9C2879B9CE18E301662107341C671A0',
      merkleComponentHash: 'C12C982874800627C09EDA69310C4699B9C2879B9CE18E301662107341C671A0'
    },
    payloadSize: 168,
    sourceAddress: Address {
      address: 'TC3ARZWQT6UBGIWLZATK436OBSTSO6AHKJ7N4XI',
      networkType: 152
    },
    mosaic: Mosaic { id: [MosaicId], amount: [UInt64] }
  },
  TransferTransaction {
    type: 16724,
    networkType: 152,
    version: 1,
    deadline: Deadline { adjustedValue: 1959234093 },
    maxFee: UInt64 { lower: 2000000, higher: 0 },
    signature: '6D3582F9623B6E0FE429B22DBCFCE3633C1F372CF8292A257C55F756503ECCBC8593FB090547FDE638C72E9DB34DF464645195E917A6BB17B45AFFB5F8E80004',
    signer: PublicAccount {
      publicKey: '8DEB6986E0B9DC5F4A71E0F73BB437567B156730BFCD3F133B977B43152EF492',
      address: [Address]
    },
    transactionInfo: TransactionInfo {
      height: [UInt64],
      index: 0,
      id: '624587520A21EB5CD276F1F4',
      hash: 'D7754950D26BB8D5B2076A6C3C67C31A24BB8732B622CD975E02C519BC5CF7B6',
      merkleComponentHash: 'D7754950D26BB8D5B2076A6C3C67C31A24BB8732B622CD975E02C519BC5CF7B6'
    },
    payloadSize: 199,
    recipientAddress: Address {
      address: 'TATO6GDWZRAT6IY4HWN4QUHIB73KZSY2T3NXX5A',
      networkType: 152
    },
    mosaics: [ [Mosaic] ],
    message: PlainMessage { type: 0, payload: 'This is a test message' }
  },
  TransferTransaction {
    type: 16724,
    networkType: 152,
    version: 1,
    deadline: Deadline { adjustedValue: 1961151053 },
    maxFee: UInt64 { lower: 2000000, higher: 0 },
    signature: 'A7B9ABC107B804529FB4DFC4646C9A858985D1107D15D2F5A3B8BA0735422C90F2B5CEE98E8F2458DA0BB924640FD311FAC0FEF6528E2596B30D1BC9EBF23802',
    signer: PublicAccount {
      publicKey: '8DEB6986E0B9DC5F4A71E0F73BB437567B156730BFCD3F133B977B43152EF492',
      address: [Address]
    },
    transactionInfo: TransactionInfo {
      height: [UInt64],
      index: 0,
      id: '624587530A21EB5CD276F940',
      hash: '879F3A4290B3CA2BBA6DA50AE75D73BD8594E09008AC40C75E8BCC2E6640E259',
      merkleComponentHash: '879F3A4290B3CA2BBA6DA50AE75D73BD8594E09008AC40C75E8BCC2E6640E259'
    },
    payloadSize: 199,
    recipientAddress: Address {
      address: 'TATO6GDWZRAT6IY4HWN4QUHIB73KZSY2T3NXX5A',
      networkType: 152
    },
    mosaics: [ [Mosaic] ],
    message: PlainMessage { type: 0, payload: 'This is a test message' }
  },
  TransferTransaction {
    type: 16724,
    networkType: 152,
    version: 1,
    deadline: Deadline { adjustedValue: 1961952433 },
    maxFee: UInt64 { lower: 2000000, higher: 0 },
    signature: '1DBF7668A3FE72E09CDB36CFC99A1F16C57751C6A20207ACC953653410D29C80CDEB8625065853066A99D8513036BD4650D461C55B853EE77BBD3406D7B33D00',
    signer: PublicAccount {
      publicKey: '8DEB6986E0B9DC5F4A71E0F73BB437567B156730BFCD3F133B977B43152EF492',
      address: [Address]
    },
    transactionInfo: TransactionInfo {
      height: [UInt64],
      index: 0,
      id: '624587530A21EB5CD276F969',
      hash: '531DACBF8A6204C532D6C401F786CA782926E64BDD4359FFE072674BECE8CD5D',
      merkleComponentHash: '531DACBF8A6204C532D6C401F786CA782926E64BDD4359FFE072674BECE8CD5D'
    },
    payloadSize: 199,
    recipientAddress: Address {
      address: 'TATO6GDWZRAT6IY4HWN4QUHIB73KZSY2T3NXX5A',
      networkType: 152
    },
    mosaics: [ [Mosaic] ],
    message: PlainMessage { type: 0, payload: 'This is a test message' }
  },
  TransferTransaction {
    type: 16724,
    networkType: 152,
    version: 1,
    deadline: Deadline { adjustedValue: 1962012375 },
    maxFee: UInt64 { lower: 2000000, higher: 0 },
    signature: 'B7926879A32F397869AC0821365F58CC36585FF675AF88A9784733B293B27B2A4EE102E28FBC7D699456907B1E022699931EEDC413BC9DFDF2AB5A3FD0E6D404',
    signer: PublicAccount {
      publicKey: '8DEB6986E0B9DC5F4A71E0F73BB437567B156730BFCD3F133B977B43152EF492',
      address: [Address]
    },
    transactionInfo: TransactionInfo {
      height: [UInt64],
      index: 0,
      id: '624587530A21EB5CD276F96C',
      hash: '752C5D2CB2AA5A9E3AC6228491726261DA61154422581900FEC91CA640B56A32',
      merkleComponentHash: '752C5D2CB2AA5A9E3AC6228491726261DA61154422581900FEC91CA640B56A32'
    },
    payloadSize: 199,
    recipientAddress: Address {
      address: 'TATO6GDWZRAT6IY4HWN4QUHIB73KZSY2T3NXX5A',
      networkType: 152
    },
    mosaics: [ [Mosaic] ],
    message: PlainMessage { type: 0, payload: 'This is a test message' }
  },
  TransferTransaction {
    type: 16724,
    networkType: 152,
    version: 1,
    deadline: Deadline { adjustedValue: 1962170448 },
    maxFee: UInt64 { lower: 2000000, higher: 0 },
    signature: '80E64B461A3E089F00BA3C88DF46DD8472DC4ED412F1E41C1DE0AACF3BA4733C0835E430997F47B60FE95BFAD121ABA2DB45428DDF755CCEBA30268D45F55509',
    signer: PublicAccount {
      publicKey: '8DEB6986E0B9DC5F4A71E0F73BB437567B156730BFCD3F133B977B43152EF492',
      address: [Address]
    },
    transactionInfo: TransactionInfo {
      height: [UInt64],
      index: 0,
      id: '624587530A21EB5CD276F975',
      hash: '839CC506A464B88FD681E1EFC84A439BAD9D545076439CBEBBD5116A6BD6BAF1',
      merkleComponentHash: '839CC506A464B88FD681E1EFC84A439BAD9D545076439CBEBBD5116A6BD6BAF1'
    },
    payloadSize: 199,
    recipientAddress: Address {
      address: 'TATO6GDWZRAT6IY4HWN4QUHIB73KZSY2T3NXX5A',
      networkType: 152
    },
    mosaics: [ [Mosaic] ],
    message: PlainMessage { type: 0, payload: 'This is a test message' }
  },
  TransferTransaction {
    type: 16724,
    networkType: 152,
    version: 1,
    deadline: Deadline { adjustedValue: 1962539963 },
    maxFee: UInt64 { lower: 2000000, higher: 0 },
    signature: 'F6A0F88842AA7597CB6BEC191E7B85FFEAF9A936FC868B4835F2FF63004C5E0B82196485389182A63779A6457D63722651E4DE7978427CCA88BD091074F3AA03',
    signer: PublicAccount {
      publicKey: '8DEB6986E0B9DC5F4A71E0F73BB437567B156730BFCD3F133B977B43152EF492',
      address: [Address]
    },
    transactionInfo: TransactionInfo {
      height: [UInt64],
      index: 0,
      id: '624587530A21EB5CD276F98A',
      hash: '63F417548160DCBB91CF6873AF8C06204401F29EBC94660305B3B0EF360EC72B',
      merkleComponentHash: '63F417548160DCBB91CF6873AF8C06204401F29EBC94660305B3B0EF360EC72B'
    },
    payloadSize: 199,
    recipientAddress: Address {
      address: 'TATO6GDWZRAT6IY4HWN4QUHIB73KZSY2T3NXX5A',
      networkType: 152
    },
    mosaics: [ [Mosaic] ],
    message: PlainMessage { type: 0, payload: 'This is a test message' }
  },
  TransferTransaction {
    type: 16724,
    networkType: 152,
    version: 1,
    deadline: Deadline { adjustedValue: 1963364996 },
    maxFee: UInt64 { lower: 2000000, higher: 0 },
    signature: '2BF0DBE68F4BCEC4D6CBE376F063E2C7AE255857405DB08928B7C70AC08922428C31D530E9F87CA425F8937AC12FFB3BDDA59A44D5D0940B026CB5F7FFAE5E06',
    signer: PublicAccount {
      publicKey: '8DEB6986E0B9DC5F4A71E0F73BB437567B156730BFCD3F133B977B43152EF492',
      address: [Address]
    },
    transactionInfo: TransactionInfo {
      height: [UInt64],
      index: 0,
      id: '624587530A21EB5CD276F9B3',
      hash: '78E4F6503340826846C66818C3872DEB9CDF58275CE8CDF2B46E3C317641BF39',
      merkleComponentHash: '78E4F6503340826846C66818C3872DEB9CDF58275CE8CDF2B46E3C317641BF39'
    },
    payloadSize: 199,
    recipientAddress: Address {
      address: 'TATO6GDWZRAT6IY4HWN4QUHIB73KZSY2T3NXX5A',
      networkType: 152
    },
    mosaics: [ [Mosaic] ],
    message: PlainMessage { type: 0, payload: 'This is a test message' }
  },
  TransferTransaction {
    type: 16724,
    networkType: 152,
    version: 1,
    deadline: Deadline { adjustedValue: 1963367816 },
    maxFee: UInt64 { lower: 2000000, higher: 0 },
    signature: '83D2C96CF668AEDE219914A3B7A7050DC3F68BED8017A7BA7AE0EAFA5FFA43CBAB59667CEE9B29E0B2F08D8D04CB41B66CA80FF3D41A4A214DBB7289761B6501',
    signer: PublicAccount {
      publicKey: '8DEB6986E0B9DC5F4A71E0F73BB437567B156730BFCD3F133B977B43152EF492',
      address: [Address]
    },
    transactionInfo: TransactionInfo {
      height: [UInt64],
      index: 0,
      id: '624587530A21EB5CD276F9B6',
      hash: '3F12D524FD614E18FB72E22D1608F70DF028D3B87596B9F77579B31B89C0A3E0',
      merkleComponentHash: '3F12D524FD614E18FB72E22D1608F70DF028D3B87596B9F77579B31B89C0A3E0'
    },
    payloadSize: 199,
    recipientAddress: Address {
      address: 'TATO6GDWZRAT6IY4HWN4QUHIB73KZSY2T3NXX5A',
      networkType: 152
    },
    mosaics: [ [Mosaic] ],
    message: PlainMessage { type: 0, payload: 'This is a test message' }
  },
  TransferTransaction {
    type: 16724,
    networkType: 152,
    version: 1,
    deadline: Deadline { adjustedValue: 1963472583 },
    maxFee: UInt64 { lower: 2000000, higher: 0 },
    signature: '0A42382F6F518A8B823B7B1C33373AEF403B4067EAF0F609DE3C378657CE84C4F22D19D20140C88E4CEA7AAB1CD2AB066F03E33B8EFD0FC21889B1E787C29306',
    signer: PublicAccount {
      publicKey: '8DEB6986E0B9DC5F4A71E0F73BB437567B156730BFCD3F133B977B43152EF492',
      address: [Address]
    },
    transactionInfo: TransactionInfo {
      height: [UInt64],
      index: 0,
      id: '624587530A21EB5CD276F9BB',
      hash: '833ABAD7E513A22831D57B1C3A43966A1468695342FA8D815D33DF6D249044D1',
      merkleComponentHash: '833ABAD7E513A22831D57B1C3A43966A1468695342FA8D815D33DF6D249044D1'
    },
    payloadSize: 199,
    recipientAddress: Address {
      address: 'TATO6GDWZRAT6IY4HWN4QUHIB73KZSY2T3NXX5A',
      networkType: 152
    },
    mosaics: [ [Mosaic] ],
    message: PlainMessage { type: 0, payload: 'This is a test message' }
  },
  TransferTransaction {
    type: 16724,
    networkType: 152,
    version: 1,
    deadline: Deadline { adjustedValue: 1963525317 },
    maxFee: UInt64 { lower: 2000000, higher: 0 },
    signature: 'F42F6E7BAFFD962A1C5E6B4E69BE7AA6CB5270E830F5ED2ED93B8584842BD070973FDBA0F502C145412DA9E6800EEEFD117A8F591062134BC26FA64288F6220D',
    signer: PublicAccount {
      publicKey: '8DEB6986E0B9DC5F4A71E0F73BB437567B156730BFCD3F133B977B43152EF492',
      address: [Address]
    },
    transactionInfo: TransactionInfo {
      height: [UInt64],
      index: 1,
      id: '624587530A21EB5CD276F9BE',
      hash: '75702BFD51687DF1FACC9C1F7CCFDD577FAFED9999EC3E8758BB6C218E0A3039',
      merkleComponentHash: '75702BFD51687DF1FACC9C1F7CCFDD577FAFED9999EC3E8758BB6C218E0A3039'
    },
    payloadSize: 199,
    recipientAddress: Address {
      address: 'TATO6GDWZRAT6IY4HWN4QUHIB73KZSY2T3NXX5A',
      networkType: 152
    },
    mosaics: [ [Mosaic] ],
    message: PlainMessage { type: 0, payload: 'This is a test message' }
  },
  TransferTransaction {
    type: 16724,
    networkType: 152,
    version: 1,
    deadline: Deadline { adjustedValue: 1963517177 },
    maxFee: UInt64 { lower: 2000000, higher: 0 },
    signature: '6ABC44606E508BC1DFB0336DEB3607F6148DA40E227FF0FBCCACFB7FE24B1D8EA5DE55832267E2D9F4AEEB4CEF67E9EDCB3D52C5271A0B7CEB296953F1CA9208',
    signer: PublicAccount {
      publicKey: '8DEB6986E0B9DC5F4A71E0F73BB437567B156730BFCD3F133B977B43152EF492',
      address: [Address]
    },
    transactionInfo: TransactionInfo {
      height: [UInt64],
      index: 0,
      id: '624587530A21EB5CD276F9BF',
      hash: '809BCEA058D085CE5230DAD50594C40015252F72D48EDC0D65BC93DB2F22D3DC',
      merkleComponentHash: '809BCEA058D085CE5230DAD50594C40015252F72D48EDC0D65BC93DB2F22D3DC'
    },
    payloadSize: 199,
    recipientAddress: Address {
      address: 'TATO6GDWZRAT6IY4HWN4QUHIB73KZSY2T3NXX5A',
      networkType: 152
    },
    mosaics: [ [Mosaic] ],
    message: PlainMessage { type: 0, payload: 'This is a test message' }
  },
  TransferTransaction {
    type: 16724,
    networkType: 152,
    version: 1,
    deadline: Deadline { adjustedValue: 1972890397 },
    maxFee: UInt64 { lower: 2000000, higher: 0 },
    signature: 'B76EF4A0C3A95836F3B9439A9FD93F88C07183624A8E0E5ACA790219D5673F096383B2DF7C77F1976EA621E99727C268695556756BDB29361986187F22737E0B',
    signer: PublicAccount {
      publicKey: '8DEB6986E0B9DC5F4A71E0F73BB437567B156730BFCD3F133B977B43152EF492',
      address: [Address]
    },
    transactionInfo: TransactionInfo {
      height: [UInt64],
      index: 0,
      id: '624587550A21EB5CD276FC89',
      hash: 'E2ABD5EE1A1BB37F6151ECE46018926AB89E436290A945A7C2289BC1C66C335B',
      merkleComponentHash: 'E2ABD5EE1A1BB37F6151ECE46018926AB89E436290A945A7C2289BC1C66C335B'
    },
    payloadSize: 199,
    recipientAddress: Address {
      address: 'TATO6GDWZRAT6IY4HWN4QUHIB73KZSY2T3NXX5A',
      networkType: 152
    },
    mosaics: [ [Mosaic] ],
    message: PlainMessage { type: 0, payload: 'This is a test message' }
  },
  TransferTransaction {
    type: 16724,
    networkType: 152,
    version: 1,
    deadline: Deadline { adjustedValue: 1972916393 },
    maxFee: UInt64 { lower: 2000000, higher: 0 },
    signature: '97DD8D33A21ABEF9697BFE59E5752B1D82DF86608AC3381FAB57FC85EDB30621A0407D9B6EEF1FE896869B521641A11B6E0800AC8957E11974056840C14C0104',
    signer: PublicAccount {
      publicKey: '8DEB6986E0B9DC5F4A71E0F73BB437567B156730BFCD3F133B977B43152EF492',
      address: [Address]
    },
    transactionInfo: TransactionInfo {
      height: [UInt64],
      index: 1,
      id: '624587550A21EB5CD276FC8A',
      hash: 'A0DBADB9D68B058AF934D5513FF0D6BF3BD95A36B290A0E6E2B10A738C454ACB',
      merkleComponentHash: 'A0DBADB9D68B058AF934D5513FF0D6BF3BD95A36B290A0E6E2B10A738C454ACB'
    },
    payloadSize: 199,
    recipientAddress: Address {
      address: 'TATO6GDWZRAT6IY4HWN4QUHIB73KZSY2T3NXX5A',
      networkType: 152
    },
    mosaics: [ [Mosaic] ],
    message: PlainMessage { type: 0, payload: 'This is a test message' }
  },
  TransferTransaction {
    type: 16724,
    networkType: 152,
    version: 1,
    deadline: Deadline { adjustedValue: 1973751584 },
    maxFee: UInt64 { lower: 2000000, higher: 0 },
    signature: '02801D0AD32812EA72E49E8C03B44C231229CCBF729C26B608B1B7B063A8230312E8D1706B9BEC632D3299A492171361EF48BB71EA61325E5AA7B48F4682BE0A',
    signer: PublicAccount {
      publicKey: '8DEB6986E0B9DC5F4A71E0F73BB437567B156730BFCD3F133B977B43152EF492',
      address: [Address]
    },
    transactionInfo: TransactionInfo {
      height: [UInt64],
      index: 0,
      id: '624587550A21EB5CD276FCB7',
      hash: 'A8ADD1D2937A26F00F171BE29625EF35ED0B98E424C4EF7CF6CBC61A7CB92EB5',
      merkleComponentHash: 'A8ADD1D2937A26F00F171BE29625EF35ED0B98E424C4EF7CF6CBC61A7CB92EB5'
    },
    payloadSize: 199,
    recipientAddress: Address {
      address: 'TATO6GDWZRAT6IY4HWN4QUHIB73KZSY2T3NXX5A',
      networkType: 152
    },
    mosaics: [ [Mosaic] ],
    message: PlainMessage { type: 0, payload: 'This is a test message' }
  },
  TransferTransaction {
    type: 16724,
    networkType: 152,
    version: 1,
    deadline: Deadline { adjustedValue: 1973885064 },
    maxFee: UInt64 { lower: 2000000, higher: 0 },
    signature: '4898E849D83172CC4B124041BB98A9ED66B68B73293863FA18B390479850F568C57F4E70CC5DDAB58B722DFA2D61D76D0218D79D88D5ED014F0787A27A8CD006',
    signer: PublicAccount {
      publicKey: '8DEB6986E0B9DC5F4A71E0F73BB437567B156730BFCD3F133B977B43152EF492',
      address: [Address]
    },
    transactionInfo: TransactionInfo {
      height: [UInt64],
      index: 0,
      id: '624587550A21EB5CD276FCC0',
      hash: '368B00E8A1EFB34DDC34E3447588C868BD956E43E440572B733E2CEB4B12C808',
      merkleComponentHash: '368B00E8A1EFB34DDC34E3447588C868BD956E43E440572B733E2CEB4B12C808'
    },
    payloadSize: 199,
    recipientAddress: Address {
      address: 'TATO6GDWZRAT6IY4HWN4QUHIB73KZSY2T3NXX5A',
      networkType: 152
    },
    mosaics: [ [Mosaic] ],
    message: PlainMessage { type: 0, payload: 'This is a test message' }
  },
  TransferTransaction {
    type: 16724,
    networkType: 152,
    version: 1,
    deadline: Deadline { adjustedValue: 2324974010 },
    maxFee: UInt64 { lower: 2000000, higher: 0 },
    signature: '9283B0D1CEB86D94A1856E9E41F4750736E194560ADDF144D6A7D24E2FDFFF917F96D365864B69776A5B7CB24EDA960264B3BFBF61D3C251B45F2F5A6306780E',
    signer: PublicAccount {
      publicKey: '8DEB6986E0B9DC5F4A71E0F73BB437567B156730BFCD3F133B977B43152EF492',
      address: [Address]
    },
    transactionInfo: TransactionInfo {
      height: [UInt64],
      index: 1,
      id: '624588000A21EB5CD2774DA1',
      hash: '86164117E037494895DD044A84352473D16010617C2CC4FA22091619A06606D2',
      merkleComponentHash: '86164117E037494895DD044A84352473D16010617C2CC4FA22091619A06606D2'
    },
    payloadSize: 199,
    recipientAddress: Address {
      address: 'TATO6GDWZRAT6IY4HWN4QUHIB73KZSY2T3NXX5A',
      networkType: 152
    },
    mosaics: [ [Mosaic] ],
    message: PlainMessage { type: 0, payload: 'This is a test message' }
  },
  TransferTransaction {
    type: 16724,
    networkType: 152,
    version: 1,
    deadline: Deadline { adjustedValue: 2324991161 },
    maxFee: UInt64 { lower: 2000000, higher: 0 },
    signature: '18271E1560C428363A593423C4F75B5BD7242D0571C1B9EC9378CF66393C921377DE866F8951E7CC1BCD011AFB17A69E24F684E753F41EAC4048A0833A9EE104',
    signer: PublicAccount {
      publicKey: '8DEB6986E0B9DC5F4A71E0F73BB437567B156730BFCD3F133B977B43152EF492',
      address: [Address]
    },
    transactionInfo: TransactionInfo {
      height: [UInt64],
      index: 0,
      id: '624588000A21EB5CD2774DA7',
      hash: '457F303CC1D341866ED444FB4C65665FC1A2F5F01B5495DAB130C553E3BA5E78',
      merkleComponentHash: '457F303CC1D341866ED444FB4C65665FC1A2F5F01B5495DAB130C553E3BA5E78'
    },
    payloadSize: 199,
    recipientAddress: Address {
      address: 'TATO6GDWZRAT6IY4HWN4QUHIB73KZSY2T3NXX5A',
      networkType: 152
    },
    mosaics: [ [Mosaic] ],
    message: PlainMessage { type: 0, payload: 'This is a test message' }
  },
  TransferTransaction {
    type: 16724,
    networkType: 152,
    version: 1,
    deadline: Deadline { adjustedValue: 2325054400 },
    maxFee: UInt64 { lower: 2000000, higher: 0 },
    signature: '09399D29FF9D1D75A9CE0776691B4F5B39ADD1287B375A9E97A4D6CE759898CEF99098FE4BFBC70813AAA85923CFDC70BE94079A3607910318250EE2369F7F06',
    signer: PublicAccount {
      publicKey: '8DEB6986E0B9DC5F4A71E0F73BB437567B156730BFCD3F133B977B43152EF492',
      address: [Address]
    },
    transactionInfo: TransactionInfo {
      height: [UInt64],
      index: 0,
      id: '624588000A21EB5CD2774DAC',
      hash: 'BC704075E781DF5597BD87BF0991EAC4C573D7C8AB678893B8AA301EAADCEC18',
      merkleComponentHash: 'BC704075E781DF5597BD87BF0991EAC4C573D7C8AB678893B8AA301EAADCEC18'
    },
    payloadSize: 199,
    recipientAddress: Address {
      address: 'TATO6GDWZRAT6IY4HWN4QUHIB73KZSY2T3NXX5A',
      networkType: 152
    },
    mosaics: [ [Mosaic] ],
    message: PlainMessage { type: 0, payload: 'This is a test message' }
  },
  TransferTransaction {
    type: 16724,
    networkType: 152,
    version: 1,
    deadline: Deadline { adjustedValue: 5017942062 },
    maxFee: UInt64 { lower: 700304, higher: 0 },
    signature: 'A21C2A99C6E5C1D60EA52B07EC87704DC3919829233C2533B1444ABE14AF5DA239ECB3CEEB4AA6608BD23D3BFE15D405E9B31B1029A9AF9CE60388E1D3520705',
    signer: PublicAccount {
      publicKey: '8DEB6986E0B9DC5F4A71E0F73BB437567B156730BFCD3F133B977B43152EF492',
      address: [Address]
    },
    transactionInfo: TransactionInfo {
      height: [UInt64],
      index: 0,
      id: '62458C7B0A21EB5CD27A6296',
      hash: 'FF7D5DC37EDCD1F349A9CC6D0FF3433B26EB371A481B6A718E60F4A2809FFF54',
      merkleComponentHash: 'FF7D5DC37EDCD1F349A9CC6D0FF3433B26EB371A481B6A718E60F4A2809FFF54'
    },
    payloadSize: 176,
    recipientAddress: Address {
      address: 'TDWUPUEXFHYE6N5WQ6S4NQ4P7HAVSIXUJJS6BAA',
      networkType: 152
    },
    mosaics: [ [Mosaic] ],
    message: RawMessage { type: -1, payload: '' }
  },
  TransferTransaction {
    type: 16724,
    networkType: 152,
    version: 1,
    deadline: Deadline { adjustedValue: 5017968287 },
    maxFee: UInt64 { lower: 700304, higher: 0 },
    signature: 'F6C6644EA2D660D9DB06F708B23CD83B75B09AD70A0B951B3E3663B86AD5454EC35B7CEC9EB01D30D90C86AF84D9D52D4AF464D2964CDC02CD7421ACCF9FD109',
    signer: PublicAccount {
      publicKey: '8DEB6986E0B9DC5F4A71E0F73BB437567B156730BFCD3F133B977B43152EF492',
      address: [Address]
    },
    transactionInfo: TransactionInfo {
      height: [UInt64],
      index: 1,
      id: '62458C7B0A21EB5CD27A629A',
      hash: 'AD644BBAC77120794B560DE46D48866485A2AD57361670E51AB1BDC1725B2520',
      merkleComponentHash: 'AD644BBAC77120794B560DE46D48866485A2AD57361670E51AB1BDC1725B2520'
    },
    payloadSize: 176,
    recipientAddress: Address {
      address: 'TDPEOH5TGE2HJNHEPUSDDBFCJMZWH7QEHLKNDCI',
      networkType: 152
    },
    mosaics: [ [Mosaic] ],
    message: RawMessage { type: -1, payload: '' }
  },
  TransferTransaction {
    type: 16724,
    networkType: 152,
    version: 1,
    deadline: Deadline { adjustedValue: 5017992621 },
    maxFee: UInt64 { lower: 702592, higher: 0 },
    signature: '8F72D7024DD0D8FBA39B2327C07E02A4CF2AFACBBCB25699C3D268A3B293942FDBD721226DFDB79A6CE710E98EF5665A79C4DF9589B209DAD55195A9D120620A',
    signer: PublicAccount {
      publicKey: '8DEB6986E0B9DC5F4A71E0F73BB437567B156730BFCD3F133B977B43152EF492',
      address: [Address]
    },
    transactionInfo: TransactionInfo {
      height: [UInt64],
      index: 2,
      id: '62458C7B0A21EB5CD27A629B',
      hash: 'FB1692B62A143E98141EFC6406C3860BC0351FF4BB0D7BE1E4BCE31746442635',
      merkleComponentHash: 'FB1692B62A143E98141EFC6406C3860BC0351FF4BB0D7BE1E4BCE31746442635'
    },
    payloadSize: 176,
    recipientAddress: Address {
      address: 'TAJQLEMQ2LP7TRWEJFLGG5OTOL3X4HA6TUDTPEI',
      networkType: 152
    },
    mosaics: [ [Mosaic] ],
    message: RawMessage { type: -1, payload: '' }
  },
  TransferTransaction {
    type: 16724,
    networkType: 152,
    version: 1,
    deadline: Deadline { adjustedValue: 5018017090 },
    maxFee: UInt64 { lower: 702592, higher: 0 },
    signature: '4B2B10BB6466FFA889E79CC6FFE41402EEA5EB4F965963C744A9189A122E8EC6D0C3C9A9AF106A3FC6C9BB48873B71D6F511E48A696FD6455732AACE0D348608',
    signer: PublicAccount {
      publicKey: '8DEB6986E0B9DC5F4A71E0F73BB437567B156730BFCD3F133B977B43152EF492',
      address: [Address]
    },
    transactionInfo: TransactionInfo {
      height: [UInt64],
      index: 0,
      id: '62458C7B0A21EB5CD27A629F',
      hash: '0F81E1E2BBD59F7A61D4E090A6EE612B286B7A4C202905E7B8C72A43007E8FF6',
      merkleComponentHash: '0F81E1E2BBD59F7A61D4E090A6EE612B286B7A4C202905E7B8C72A43007E8FF6'
    },
    payloadSize: 176,
    recipientAddress: Address {
      address: 'TCECL5ULHNEJ46NBRU45FL5AF2MIFF7HB3JNRGQ',
      networkType: 152
    },
    mosaics: [ [Mosaic] ],
    message: RawMessage { type: -1, payload: '' }
  },
  TransferTransaction {
    type: 16724,
    networkType: 152,
    version: 1,
    deadline: Deadline { adjustedValue: 7177925804 },
    maxFee: UInt64 { lower: 835120, higher: 0 },
    signature: 'D1AE334A178645F90D1697D97D433FF3EA53DC51C32830720E7A3CC9F475FC8ED84A926BB27AD75BC6BE74719A9C421D54261D094452445A40EEB590DD469501',
    signer: PublicAccount {
      publicKey: '8DEB6986E0B9DC5F4A71E0F73BB437567B156730BFCD3F133B977B43152EF492',
      address: [Address]
    },
    transactionInfo: TransactionInfo {
      height: [UInt64],
      index: 0,
      id: '624591D80A21EB5CD27D48F5',
      hash: '5FB1DE595A6B8C8C0C4B758AE26E7EEF293ED723E94F6401975C7FF279AF43CD',
      merkleComponentHash: '5FB1DE595A6B8C8C0C4B758AE26E7EEF293ED723E94F6401975C7FF279AF43CD'
    },
    payloadSize: 176,
    recipientAddress: Address {
      address: 'TDIR3I5NU2HPZ7KTNMMB4YWSIPP2X4LWVFOCIWY',
      networkType: 152
    },
    mosaics: [ [Mosaic] ],
    message: RawMessage { type: -1, payload: '' }
  },
  TransferTransaction {
    type: 16724,
    networkType: 152,
    version: 1,
    deadline: Deadline { adjustedValue: 7177986304 },
    maxFee: UInt64 { lower: 837584, higher: 0 },
    signature: '6BAF4F137AD746CB46AA7864F495C94BA24BD9D958734884740C729D96F60A1962E651C4AE5ACE2820A9DD2816DDF0D3F7AC42D648C9C6D5BB105400BCC66601',
    signer: PublicAccount {
      publicKey: '8DEB6986E0B9DC5F4A71E0F73BB437567B156730BFCD3F133B977B43152EF492',
      address: [Address]
    },
    transactionInfo: TransactionInfo {
      height: [UInt64],
      index: 0,
      id: '624591D80A21EB5CD27D48FA',
      hash: '289D620C85C51224EA03E6DF9F9E34F8665CAF6367E034CD683E293C12517F9A',
      merkleComponentHash: '289D620C85C51224EA03E6DF9F9E34F8665CAF6367E034CD683E293C12517F9A'
    },
    payloadSize: 176,
    recipientAddress: Address {
      address: 'TD6I7UTHITM762AHEPHLBL664B43RSY4T3HY7TA',
      networkType: 152
    },
    mosaics: [ [Mosaic] ],
    message: RawMessage { type: -1, payload: '' }
  },
  TransferTransaction {
    type: 16724,
    networkType: 152,
    version: 1,
    deadline: Deadline { adjustedValue: 7352211613 },
    maxFee: UInt64 { lower: 100000, higher: 0 },
    signature: '73750E072977C445776CCFC70A261EE848C92D3A9FF907E5F8FC62F2DAC9CB319E88D60D1EF8011F6355042286C50BFD9504F6DCF2805242718A55F0B9B6BE03',
    signer: PublicAccount {
      publicKey: '983FC65B0F29540E77847ADD6AF22C16DE98A2AEFC20F1C7D23867B17CEF3324',
      address: [Address]
    },
    transactionInfo: TransactionInfo {
      height: [UInt64],
      index: 0,
      id: '624592610A21EB5CD27D7693',
      hash: 'FB1FDDCF5E1D382E3CCA913E6A51E3273EA90ED3160879C2F30B1315ABF15544',
      merkleComponentHash: 'FB1FDDCF5E1D382E3CCA913E6A51E3273EA90ED3160879C2F30B1315ABF15544'
    },
    payloadSize: 295,
    recipientAddress: Address {
      address: 'TDIR3I5NU2HPZ7KTNMMB4YWSIPP2X4LWVFOCIWY',
      networkType: 152
    },
    mosaics: [ [Mosaic] ],
    message: PlainMessage {
      type: 0,
      payload: '{"msg":"Symbol Typing Game Clear Rewards!Thanks for playing!","date":"2022/2/18","time":"75","score":"220","miss":"2"}'
    }
  },
  TransferTransaction {
    type: 16724,
    networkType: 152,
    version: 1,
    deadline: Deadline { adjustedValue: 7352458370 },
    maxFee: UInt64 { lower: 1000000, higher: 0 },
    signature: 'FB23906FE226DD29F8E18A173B604DB857045B4D041E50152F2E1C51A121EA1DE6322BE51D5BCE44ACD26A41AEE5C7C24ABD2C6A59056A341EC81006F44F4E0C',
    signer: PublicAccount {
      publicKey: '770F3FF84571913DEE45AE3C21E85009E0394F0A309BAD1307183986C7FB3008',
      address: [Address]
    },
    transactionInfo: TransactionInfo {
      height: [UInt64],
      index: 0,
      id: '624592610A21EB5CD27D76A2',
      hash: 'B7BC83ECD33E1D39406B389D9CB9A0F1504747D924F6636585211E6B3AEE08D5',
      merkleComponentHash: 'B7BC83ECD33E1D39406B389D9CB9A0F1504747D924F6636585211E6B3AEE08D5'
    },
    payloadSize: 237,
    recipientAddress: Address {
      address: 'TDIR3I5NU2HPZ7KTNMMB4YWSIPP2X4LWVFOCIWY',
      networkType: 152
    },
    mosaics: [ [Mosaic] ],
    message: PlainMessage {
      type: 0,
      payload: ' https://taroventurend.com/'
    }
  },
  TransferTransaction {
    type: 16724,
    networkType: 152,
    version: 1,
    deadline: Deadline { adjustedValue: 7352539554 },
    maxFee: UInt64 { lower: 1000000, higher: 0 },
    signature: '2A1F77CEACC365C3BBB925AC30C74E6CEC726D391323A260B00BAF151A7EC7089D98CB71B4D67956E75D5E12F83BF99B4BE9597258E2892240F3FFC4FBF30805',
    signer: PublicAccount {
      publicKey: '027937687E387D6BC5A1B232E6D920B1C9CB8335B2535F8134A32327D74EE306',
      address: [Address]
    },
    transactionInfo: TransactionInfo {
      height: [UInt64],
      index: 0,
      id: '624592610A21EB5CD27D76A7',
      hash: 'D2657B1DFA8864BEB39B298C4BB68A120E3C59E57797DA880193513ACC61671A',
      merkleComponentHash: 'D2657B1DFA8864BEB39B298C4BB68A120E3C59E57797DA880193513ACC61671A'
    },
    payloadSize: 266,
    recipientAddress: Address {
      address: 'TDIR3I5NU2HPZ7KTNMMB4YWSIPP2X4LWVFOCIWY',
      networkType: 152
    },
    mosaics: [ [Mosaic] ],
    message: PlainMessage {
      type: 0,
      payload: '#2022'
    }
  },
  TransferTransaction {
    type: 16724,
    networkType: 152,
    version: 1,
    deadline: Deadline { adjustedValue: 7352751893 },
    maxFee: UInt64 { lower: 1000000, higher: 0 },
    signature: '4D488AD91720DCB4ABFAAE28BF6CABBAE09512D36E5C823A0E69153407892295C8F5E6A7D4318880F52B3DA57C64EF1E24DDF53F735E47A73BA0BB2C6F9FC90F',
    signer: PublicAccount {
      publicKey: '770F3FF84571913DEE45AE3C21E85009E0394F0A309BAD1307183986C7FB3008',
      address: [Address]
    },
    transactionInfo: TransactionInfo {
      height: [UInt64],
      index: 0,
      id: '624592620A21EB5CD27D76B5',
      hash: 'BD5C9192C77BE366697CD91AA11E43298845AA7D20D3D490597872D4A55F62AB',
      merkleComponentHash: 'BD5C9192C77BE366697CD91AA11E43298845AA7D20D3D490597872D4A55F62AB'
    },
    payloadSize: 237,
    recipientAddress: Address {
      address: 'TDIR3I5NU2HPZ7KTNMMB4YWSIPP2X4LWVFOCIWY',
      networkType: 152
    },
    mosaics: [ [Mosaic] ],
    message: PlainMessage {
      type: 0,
      payload: ' https://taroventurend.com/'
    }
  },
  TransferTransaction {
    type: 16724,
    networkType: 152,
    version: 1,
    deadline: Deadline { adjustedValue: 7352821284 },
    maxFee: UInt64 { lower: 1000000, higher: 0 },
    signature: '1D0415FFFFBDDA40A64F29DB2E96FBE0284EF107CC84452B27ED255653356166F0F8EAC293EEB8483F4624EF484B4E55AAB818A18A5CDB7DAA0A510A745FDA04',
    signer: PublicAccount {
      publicKey: '027937687E387D6BC5A1B232E6D920B1C9CB8335B2535F8134A32327D74EE306',
      address: [Address]
    },
    transactionInfo: TransactionInfo {
      height: [UInt64],
      index: 0,
      id: '624592620A21EB5CD27D76BB',
      hash: 'BB5F962C2342565B18C753746B7595555E7613EFFDA3DE1D3281A008DF9EA1BA',
      merkleComponentHash: 'BB5F962C2342565B18C753746B7595555E7613EFFDA3DE1D3281A008DF9EA1BA'
    },
    payloadSize: 266,
    recipientAddress: Address {
      address: 'TDIR3I5NU2HPZ7KTNMMB4YWSIPP2X4LWVFOCIWY',
      networkType: 152
    },
    mosaics: [ [Mosaic] ],
    message: PlainMessage {
      type: 0,
      payload: '#2022'
    }
  },
  LockFundsTransaction {
    type: 16712,
    networkType: 152,
    version: 1,
    deadline: Deadline { adjustedValue: 7392648883 },
    maxFee: UInt64 { lower: 2000000, higher: 0 },
    signature: '9263507ED5A9E0664044509789E00453249B14BCC573DC930599A80CABB9F4E8F4FDE05E6F710FCBAC49E1D34D673142A43E4094FBED84D9F7542871AFF4610B',
    signer: PublicAccount {
      publicKey: '8DEB6986E0B9DC5F4A71E0F73BB437567B156730BFCD3F133B977B43152EF492',
      address: [Address]
    },
    transactionInfo: TransactionInfo {
      height: [UInt64],
      index: 0,
      id: '624592820A21EB5CD27D7FC1',
      hash: '98468CAB2DDA18F16A2F8DD8FBFA6552E5A8AA3C19A4D75866FA52DD6C8E2092',
      merkleComponentHash: '98468CAB2DDA18F16A2F8DD8FBFA6552E5A8AA3C19A4D75866FA52DD6C8E2092'
    },
    payloadSize: 184,
    mosaic: Mosaic { id: [MosaicId], amount: [UInt64] },
    duration: UInt64 { lower: 480, higher: 0 },
    hash: '162B32B4105443B4C11E30A212651F790CF892B19C32476B76A256210E300E9B'
  },
  TransferTransaction {
    type: 16724,
    networkType: 152,
    version: 1,
    deadline: Deadline { adjustedValue: 7400100922 },
    maxFee: UInt64 { lower: 2000000, higher: 0 },
    signature: '4772840E080FBFDFF3EFBE5EAC81E90DE4F8A709416D6EEEDBBDFAC05C63C2D527670230A8C97A9F00E368BF4E2DCD75C6E2557E685F93DFF7426D2A453D8B0C',
    signer: PublicAccount {
      publicKey: '1E32CEB69C8C9450A9FECFE11B1841E31812B5CDFBAFAA5797B4BD51D40D89CD',
      address: [Address]
    },
    transactionInfo: TransactionInfo {
      height: [UInt64],
      index: 1,
      id: '624592820A21EB5CD27D8166',
      hash: '0A09F69AAD8BF9066179F72EFDC3F5D99776A05661705B60B1F154CECED267DF',
      merkleComponentHash: '0A09F69AAD8BF9066179F72EFDC3F5D99776A05661705B60B1F154CECED267DF'
    },
    payloadSize: 187,
    recipientAddress: Address {
      address: 'TDIR3I5NU2HPZ7KTNMMB4YWSIPP2X4LWVFOCIWY',
      networkType: 152
    },
    mosaics: [ [Mosaic] ],
    message: PlainMessage { type: 0, payload: 'ProcessExe' }
  },
  TransferTransaction {
    type: 16724,
    networkType: 152,
    version: 1,
    deadline: Deadline { adjustedValue: 7400085361 },
    maxFee: UInt64 { lower: 2000000, higher: 0 },
    signature: 'E3FEC6B6ED837729CDE84EE25A263F706A4C12CC22B3A4B5A038FA4C872BE8DD6FA7492F4C6E63C5BADD84DA333F95D2BBE449B6BF547819BE3DBE08E4A2EF0E',
    signer: PublicAccount {
      publicKey: '1E32CEB69C8C9450A9FECFE11B1841E31812B5CDFBAFAA5797B4BD51D40D89CD',
      address: [Address]
    },
    transactionInfo: TransactionInfo {
      height: [UInt64],
      index: 0,
      id: '624592820A21EB5CD27D8167',
      hash: '4BFA373C4E32A1BAFEA31B0EA2808FAFF4A14559768BECD79B29C85B88E53D11',
      merkleComponentHash: '4BFA373C4E32A1BAFEA31B0EA2808FAFF4A14559768BECD79B29C85B88E53D11'
    },
    payloadSize: 187,
    recipientAddress: Address {
      address: 'TDIR3I5NU2HPZ7KTNMMB4YWSIPP2X4LWVFOCIWY',
      networkType: 152
    },
    mosaics: [ [Mosaic] ],
    message: PlainMessage { type: 0, payload: 'ProcessExe' }
  },
  LockFundsTransaction {
    type: 16712,
    networkType: 152,
    version: 1,
    deadline: Deadline { adjustedValue: 7605290827 },
    maxFee: UInt64 { lower: 2000000, higher: 0 },
    signature: '9B1F82600A6CFBC0878FAFF22BF0829F020B1F8DF3C82DC82C06366725C902C88ED849999E8245A563E911D1DC63E3985F63D7B85E7102481A7324DC339B4306',
    signer: PublicAccount {
      publicKey: '8DEB6986E0B9DC5F4A71E0F73BB437567B156730BFCD3F133B977B43152EF492',
      address: [Address]
    },
    transactionInfo: TransactionInfo {
      height: [UInt64],
      index: 0,
      id: '6245932D0A21EB5CD27DBBD8',
      hash: '2F5C8DA4166428CE76E76C14A74329E06E007FE60D543EDCD42DC6F858449D77',
      merkleComponentHash: '2F5C8DA4166428CE76E76C14A74329E06E007FE60D543EDCD42DC6F858449D77'
    },
    payloadSize: 184,
    mosaic: Mosaic { id: [MosaicId], amount: [UInt64] },
    duration: UInt64 { lower: 480, higher: 0 },
    hash: 'BA50A9495C9B9D02AD848992F0E98F0B614ECF61A6345F5D1B8D9B7688D0FA19'
  },
  AggregateTransaction {
    type: 16961,
    networkType: 152,
    version: 1,
    deadline: Deadline { adjustedValue: 7605290827 },
    maxFee: UInt64 { lower: 48000, higher: 0 },
    signature: 'ACF2C7042BC00572449B1A97E293605AA4A2F446F35EE2EEF9B657DCB5F8E12118BE76B7A4331E240F43BD483BA52CC5A7732092D0627E616C4E038802243108',
    signer: PublicAccount {
      publicKey: '8DEB6986E0B9DC5F4A71E0F73BB437567B156730BFCD3F133B977B43152EF492',
      address: [Address]
    },
    transactionInfo: TransactionInfo {
      height: [UInt64],
      index: 0,
      id: '6245932D0A21EB5CD27DBBE0',
      hash: 'BA50A9495C9B9D02AD848992F0E98F0B614ECF61A6345F5D1B8D9B7688D0FA19',
      merkleComponentHash: 'CA262DDAB25327FD26B8E2CEA24387F5FAB7107816A8B001A3EE27BD835274A6'
    },
    payloadSize: 480,
    innerTransactions: [],
    cosignatures: [ [AggregateTransactionCosignature] ]
  },
  TransferTransaction {
    type: 16724,
    networkType: 152,
    version: 1,
    deadline: Deadline { adjustedValue: 7693573970 },
    maxFee: UInt64 { lower: 28152, higher: 0 },
    signature: '34C277FA3078D22BD791E67AFCD698FE66EA03E1CACB8B62983453324420ADB5B63D8C4A657D5AFAE6B1B454886EC079E9E7FA7AAC5EAE619104ADE16300930C',
    signer: PublicAccount {
      publicKey: '8DEB6986E0B9DC5F4A71E0F73BB437567B156730BFCD3F133B977B43152EF492',
      address: [Address]
    },
    transactionInfo: TransactionInfo {
      height: [UInt64],
      index: 0,
      id: '624593790A21EB5CD27DCF98',
      hash: '901F558FBF0D3A2542484751C65B030FD0A1B2AD9852ABE24E20692E7114985A',
      merkleComponentHash: '901F558FBF0D3A2542484751C65B030FD0A1B2AD9852ABE24E20692E7114985A'
    },
    payloadSize: 207,
    recipientAddress: Address {
      address: 'TCRWDCLPFC24DJI2MC5GSBJNKNFUUHQRBNU4DVA',
      networkType: 152
    },
    mosaics: [ [Mosaic] ],
    message: PlainMessage { type: 0, payload: '' }
  },
  TransferTransaction {
    type: 16724,
    networkType: 152,
    version: 1,
    deadline: Deadline { adjustedValue: 7952752377 },
    maxFee: UInt64 { lower: 30976, higher: 0 },
    signature: 'DFCD20FCDEBEC25709DBEF8D4970C2A026F7F3AC447B6B5A8F7B2788E78DC03E37A907C5B346A425FF349A24AAE38D7EA9EE9DF462F341AF7F81D9B0C740D00E',
    signer: PublicAccount {
      publicKey: '8DEB6986E0B9DC5F4A71E0F73BB437567B156730BFCD3F133B977B43152EF492',
      address: [Address]
    },
    transactionInfo: TransactionInfo {
      height: [UInt64],
      index: 0,
      id: '624594500A21EB5CD27E0A18',
      hash: '65E9F954B4DAF28EE81F6A6479C40EAC18F29528D1AAF5D03D37350C4C2193C6',
      merkleComponentHash: '65E9F954B4DAF28EE81F6A6479C40EAC18F29528D1AAF5D03D37350C4C2193C6'
    },
    payloadSize: 176,
    recipientAddress: Address {
      address: 'TDH5CK6CAO53Y2YXISUKCXGTP5LESPJWNGEOSMQ',
      networkType: 152
    },
    mosaics: [ [Mosaic] ],
    message: RawMessage { type: -1, payload: '' }
  },
  AggregateTransaction {
    type: 16705,
    networkType: 152,
    version: 1,
    deadline: Deadline { adjustedValue: 7954438480 },
    maxFee: UInt64 { lower: 55224, higher: 0 },
    signature: '506556C2066B5B4135C87ED2110FD7C0B801D9944F4F0089BB71136C7AC329B26EC7DA9EA9B2F0F491C9679D90EA9AA40F9B65E15CAA2F6D20CB2C5BA8B8B506',
    signer: PublicAccount {
      publicKey: '8DEB6986E0B9DC5F4A71E0F73BB437567B156730BFCD3F133B977B43152EF492',
      address: [Address]
    },
    transactionInfo: TransactionInfo {
      height: [UInt64],
      index: 0,
      id: '624594500A21EB5CD27E0A78',
      hash: 'CDB3B85207B016C1CEE4BDA14AC3A12C21D5325ECF4CB0BB33BBCCF9BEF04937',
      merkleComponentHash: 'CDB3B85207B016C1CEE4BDA14AC3A12C21D5325ECF4CB0BB33BBCCF9BEF04937'
    },
    payloadSize: 312,
    innerTransactions: [],
    cosignatures: []
  },
  TransferTransaction {
    type: 16724,
    networkType: 152,
    version: 1,
    deadline: Deadline { adjustedValue: 7954558051 },
    maxFee: UInt64 { lower: 35223, higher: 0 },
    signature: 'F87D97463909F10D1508F3B29E46D92DAA3BAA489DF2B85F4B64166AABCEC400079787D174122C9DE344151F6F8E87D48CD1318719CA16E26F3A6E9D056C5304',
    signer: PublicAccount {
      publicKey: '8DEB6986E0B9DC5F4A71E0F73BB437567B156730BFCD3F133B977B43152EF492',
      address: [Address]
    },
    transactionInfo: TransactionInfo {
      height: [UInt64],
      index: 0,
      id: '624594500A21EB5CD27E0A82',
      hash: '521A0AE2717FBC1C71861A5AC8477DE1A6913A4BF3AAF788D452F89201CBD6D0',
      merkleComponentHash: '521A0AE2717FBC1C71861A5AC8477DE1A6913A4BF3AAF788D452F89201CBD6D0'
    },
    payloadSize: 199,
    recipientAddress: Address {
      address: 'TDH5CK6CAO53Y2YXISUKCXGTP5LESPJWNGEOSMQ',
      networkType: 152
    },
    mosaics: [ [Mosaic] ],
    message: PlainMessage { type: 0, payload: '1000' }
  },
  NamespaceRegistrationTransaction {
    type: 16718,
    networkType: 152,
    version: 1,
    deadline: Deadline { adjustedValue: 7983044550 },
    maxFee: UInt64 { lower: 15000, higher: 0 },
    signature: '25C289DE4CD82C96FAA6452AF134C089F330722A900E40FB7CEB11C91C0DB230229C0D41637195B260CEFEF2896E52AE873608E2C73A5DCC63BD0CCAED33F005',
    signer: PublicAccount {
      publicKey: '8DEB6986E0B9DC5F4A71E0F73BB437567B156730BFCD3F133B977B43152EF492',
      address: [Address]
    },
    transactionInfo: TransactionInfo {
      height: [UInt64],
      index: 0,
      id: '624594720A21EB5CD27E10DE',
      hash: '7CD02FE9A53AD35034D06DBFF289F7272D689F8D27DF3A8270DD8919B313C14F',
      merkleComponentHash: '7CD02FE9A53AD35034D06DBFF289F7272D689F8D27DF3A8270DD8919B313C14F'
    },
    payloadSize: 150,
    registrationType: 0,
    namespaceName: 'kazu',
    namespaceId: NamespaceId { id: [Id] },
    duration: UInt64 { lower: 864000, higher: 0 },
    parentId: undefined
  },
  MosaicAliasTransaction {
    type: 17230,
    networkType: 152,
    version: 1,
    deadline: Deadline { adjustedValue: 7983083510 },
    maxFee: UInt64 { lower: 14500, higher: 0 },
    signature: '5A64E34D267E3FE099B2B21FDA134ADFADED1E7E859B6E3C2D45D287BDAD31B91D72780D8B215A3DCA5B502B12768229773FD3A68607236D832DDAB076F41C00',
    signer: PublicAccount {
      publicKey: '8DEB6986E0B9DC5F4A71E0F73BB437567B156730BFCD3F133B977B43152EF492',
      address: [Address]
    },
    transactionInfo: TransactionInfo {
      height: [UInt64],
      index: 0,
      id: '624594720A21EB5CD27E10E2',
      hash: 'D42D21ADB643965BC91CC3161E277F16542F9084C1512844FC8213CC3D27E30E',
      merkleComponentHash: 'D42D21ADB643965BC91CC3161E277F16542F9084C1512844FC8213CC3D27E30E'
    },
    payloadSize: 145,
    aliasAction: 1,
    namespaceId: NamespaceId { id: [Id] },
    mosaicId: MosaicId { id: [Id] }
  },
  AggregateTransaction {
    type: 16705,
    networkType: 152,
    version: 1,
    deadline: Deadline { adjustedValue: 7983128263 },
    maxFee: UInt64 { lower: 33600, higher: 0 },
    signature: 'BCA7C8869CA0AC27B9AE844AB3180AD6803B1B7CEAD71504E1E26A5EDDECA4984CBC938569B027832F072A1F7AC7F64BC975D00CEA8F6D58F1090FEE028DB306',
    signer: PublicAccount {
      publicKey: '8DEB6986E0B9DC5F4A71E0F73BB437567B156730BFCD3F133B977B43152EF492',
      address: [Address]
    },
    transactionInfo: TransactionInfo {
      height: [UInt64],
      index: 0,
      id: '624594720A21EB5CD27E10EC',
      hash: '398B917DCDC0BEFE3A58CEE87E4BB2D49D8D9C8530C692A28B3BB0772F9DA379',
      merkleComponentHash: '398B917DCDC0BEFE3A58CEE87E4BB2D49D8D9C8530C692A28B3BB0772F9DA379'
    },
    payloadSize: 336,
    innerTransactions: [],
    cosignatures: []
  },
  AggregateTransaction {
    type: 16705,
    networkType: 152,
    version: 1,
    deadline: Deadline { adjustedValue: 8103155510 },
    maxFee: UInt64 { lower: 4803864, higher: 0 },
    signature: 'E92BBDB30B218938722A46362B6F79783C6C187199993AFFFB2906C637BCA992F172C9DC99FD7B7515287097185F4829FF0D4A6EFFB23F54D92B31B13850FD02',
    signer: PublicAccount {
      publicKey: '8DEB6986E0B9DC5F4A71E0F73BB437567B156730BFCD3F133B977B43152EF492',
      address: [Address]
    },
    transactionInfo: TransactionInfo {
      height: [UInt64],
      index: 0,
      id: '624594DA0A21EB5CD27E2CC0',
      hash: '44182C1B6ACD24B0E1849E6CE8049F70C60B2FAE6DFA592ADE408584746478DB',
      merkleComponentHash: '44182C1B6ACD24B0E1849E6CE8049F70C60B2FAE6DFA592ADE408584746478DB'
    },
    payloadSize: 312,
    innerTransactions: [],
    cosignatures: []
  },
  TransferTransaction {
    type: 16724,
    networkType: 152,
    version: 1,
    deadline: Deadline { adjustedValue: 8103236212 },
    maxFee: UInt64 { lower: 3877448, higher: 0 },
    signature: '1AD669E99AAC961A967EDF8A71CDEB052227577AB3EE111981C93C1BE77C19FF070F8CEECE071AFF3C3F98209435D78DB44F47881790A9879C635B4C3D752D0A',
    signer: PublicAccount {
      publicKey: '8DEB6986E0B9DC5F4A71E0F73BB437567B156730BFCD3F133B977B43152EF492',
      address: [Address]
    },
    transactionInfo: TransactionInfo {
      height: [UInt64],
      index: 0,
      id: '624594DA0A21EB5CD27E2CC8',
      hash: '21DCA88B6B05FB95DD004BCFBE47BD014ED4881FF8D5CB55530E409AD02483D1',
      merkleComponentHash: '21DCA88B6B05FB95DD004BCFBE47BD014ED4881FF8D5CB55530E409AD02483D1'
    },
    payloadSize: 251,
    recipientAddress: Address {
      address: 'TDH5CK6CAO53Y2YXISUKCXGTP5LESPJWNGEOSMQ',
      networkType: 152
    },
    mosaics: [ [Mosaic] ],
    message: PlainMessage {
      type: 0,
      payload: 'Transferablefalse'
    }
  },
  TransferTransaction {
    type: 16724,
    networkType: 152,
    version: 1,
    deadline: Deadline { adjustedValue: 8103345552 },
    maxFee: UInt64 { lower: 3580269, higher: 0 },
    signature: '7FEDE38C5292E0EE5C15D77E653CDB63BEF0F6761C07D68C620242A73B8DE432725D7EEA6340907FAB943D826338B9E500BD6740C71C4D961ACF60258FA2740C',
    signer: PublicAccount {
      publicKey: '86240FE8AA459A8ECCBA2F5A481A18FFAFB392F2D767027D2AA43C4C19E40231',
      address: [Address]
    },
    transactionInfo: TransactionInfo {
      height: [UInt64],
      index: 0,
      id: '624594DA0A21EB5CD27E2CCF',
      hash: 'B22F41914C9FF4F6D54A79559694D91523D0E556B8AA32A3DE39E7D44A2DE854',
      merkleComponentHash: 'B22F41914C9FF4F6D54A79559694D91523D0E556B8AA32A3DE39E7D44A2DE854'
    },
    payloadSize: 231,
    recipientAddress: Address {
      address: 'TDIR3I5NU2HPZ7KTNMMB4YWSIPP2X4LWVFOCIWY',
      networkType: 152
    },
    mosaics: [ [Mosaic] ],
    message: PlainMessage { type: 0, payload: '' }
  },
  TransferTransaction {
    type: 16724,
    networkType: 152,
    version: 1,
    deadline: Deadline { adjustedValue: 8103449897 },
    maxFee: UInt64 { lower: 3825300, higher: 0 },
    signature: 'C8A64786B6F7132BE820CB5E383D2B267E7BCF9684F184DCCDCACEB103645A0178784504A2F50E70F75D61E0ABC3757750BA7FD1EC712A87025C983C1A5EC60D',
    signer: PublicAccount {
      publicKey: '8DEB6986E0B9DC5F4A71E0F73BB437567B156730BFCD3F133B977B43152EF492',
      address: [Address]
    },
    transactionInfo: TransactionInfo {
      height: [UInt64],
      index: 0,
      id: '624594DA0A21EB5CD27E2CD6',
      hash: 'B1AD79E4E1E604AAFEEC8A671D7D5560BFA85840C8FA5EDF01CCE63EF0EDEA03',
      merkleComponentHash: 'B1AD79E4E1E604AAFEEC8A671D7D5560BFA85840C8FA5EDF01CCE63EF0EDEA03'
    },
    payloadSize: 246,
    recipientAddress: Address {
      address: 'TCECL5ULHNEJ46NBRU45FL5AF2MIFF7HB3JNRGQ',
      networkType: 152
    },
    mosaics: [ [Mosaic] ],
    message: PlainMessage { type: 0, payload: '' }
  },
  AggregateTransaction {
    type: 16705,
    networkType: 152,
    version: 1,
    deadline: Deadline { adjustedValue: 8103668127 },
    maxFee: UInt64 { lower: 4867824, higher: 0 },
    signature: '5CA32F7075726114888B0F4690117627A764942DE74BC0A336685E080525F3B7C961D455D04DEFB8C2F5B1AF57E4C5390BA29BEE86D580F400AAC05084782E0E',
    signer: PublicAccount {
      publicKey: '8DEB6986E0B9DC5F4A71E0F73BB437567B156730BFCD3F133B977B43152EF492',
      address: [Address]
    },
    transactionInfo: TransactionInfo {
      height: [UInt64],
      index: 0,
      id: '624594DA0A21EB5CD27E2CE1',
      hash: 'A68CE8ACF72744B05C5F1CD3EFBC05C83494776FA7A60E9338EB1792F579BA80',
      merkleComponentHash: 'A68CE8ACF72744B05C5F1CD3EFBC05C83494776FA7A60E9338EB1792F579BA80'
    },
    payloadSize: 312,
    innerTransactions: [],
    cosignatures: []
  },
  MosaicSupplyChangeTransaction {
    type: 16973,
    networkType: 152,
    version: 1,
    deadline: Deadline { adjustedValue: 8103693952 },
    maxFee: UInt64 { lower: 2269830, higher: 0 },
    signature: '35E0222732A1527B1E0C2C99CFFD8A7247E42C1FD62E2448E1380E11F8880A6DCCA17000727BFD6D196692F78C4B46EFCA32203744E44FE917835780F5B5FD02',
    signer: PublicAccount {
      publicKey: '8DEB6986E0B9DC5F4A71E0F73BB437567B156730BFCD3F133B977B43152EF492',
      address: [Address]
    },
    transactionInfo: TransactionInfo {
      height: [UInt64],
      index: 0,
      id: '624594DA0A21EB5CD27E2CE7',
      hash: '9A195DF2A5BF9BC1C97D747F3C2916882FC0295EF6542CF64CA967217986E768',
      merkleComponentHash: '9A195DF2A5BF9BC1C97D747F3C2916882FC0295EF6542CF64CA967217986E768'
    },
    payloadSize: 145,
    mosaicId: MosaicId { id: [Id] },
    action: 1,
    delta: UInt64 { lower: 10, higher: 0 }
  },
  MosaicSupplyChangeTransaction {
    type: 16973,
    networkType: 152,
    version: 1,
    deadline: Deadline { adjustedValue: 8103778796 },
    maxFee: UInt64 { lower: 2277225, higher: 0 },
    signature: '38280E0C4492EB45664C95E96AF47FCF5CB81CC122A6D9B1F3AC2B7C9EB5D53D612A25A8F68DD6BE3D17A40EA9A8B645DC52A1FB5BD7C399ED99FF765CC9B501',
    signer: PublicAccount {
      publicKey: '8DEB6986E0B9DC5F4A71E0F73BB437567B156730BFCD3F133B977B43152EF492',
      address: [Address]
    },
    transactionInfo: TransactionInfo {
      height: [UInt64],
      index: 0,
      id: '624594DA0A21EB5CD27E2CEE',
      hash: '6DA706758AC5349D25FD888BE55D250846BB56188A11070D800F5F058081C657',
      merkleComponentHash: '6DA706758AC5349D25FD888BE55D250846BB56188A11070D800F5F058081C657'
    },
    payloadSize: 145,
    mosaicId: MosaicId { id: [Id] },
    action: 0,
    delta: UInt64 { lower: 5, higher: 0 }
  },
  AggregateTransaction {
    type: 16705,
    networkType: 152,
    version: 1,
    deadline: Deadline { adjustedValue: 8103874752 },
    maxFee: UInt64 { lower: 4926480, higher: 0 },
    signature: '5E030F390256E526C40C1C890996AE38687738E7361653E0F012B694AFA07803C7E9DE5EDBEBFE4D982062C99F70B477D5AA3A5FE48C1AA48734A8A07CEB3F0F',
    signer: PublicAccount {
      publicKey: '8DEB6986E0B9DC5F4A71E0F73BB437567B156730BFCD3F133B977B43152EF492',
      address: [Address]
    },
    transactionInfo: TransactionInfo {
      height: [UInt64],
      index: 0,
      id: '624594DA0A21EB5CD27E2CF6',
      hash: '6C815B4D1CAB30BCF807BF86672EEC05BADCF28AF6DF78E892ACECEC35AD2A78',
      merkleComponentHash: '6C815B4D1CAB30BCF807BF86672EEC05BADCF28AF6DF78E892ACECEC35AD2A78'
    },
    payloadSize: 312,
    innerTransactions: [],
    cosignatures: []
  },
  TransferTransaction {
    type: 16724,
    networkType: 152,
    version: 1,
    deadline: Deadline { adjustedValue: 8103944552 },
    maxFee: UInt64 { lower: 3833764, higher: 0 },
    signature: 'BE68AFA5CCF4584FC1D3C43CA274B4BC246C8E3864677292B8E4FB2EE28ED5636121E227B16DBFBB8CE7406C69FE17721B1A15A3722FDD32554804F5272C9905',
    signer: PublicAccount {
      publicKey: '8DEB6986E0B9DC5F4A71E0F73BB437567B156730BFCD3F133B977B43152EF492',
      address: [Address]
    },
    transactionInfo: TransactionInfo {
      height: [UInt64],
      index: 0,
      id: '624594DA0A21EB5CD27E2CFE',
      hash: '6AFF94D341DC776544C77FB0F065EA204BF1C96AE40CDBA87DF66B599C0BB073',
      merkleComponentHash: '6AFF94D341DC776544C77FB0F065EA204BF1C96AE40CDBA87DF66B599C0BB073'
    },
    payloadSize: 242,
    recipientAddress: Address {
      address: 'TDH5CK6CAO53Y2YXISUKCXGTP5LESPJWNGEOSMQ',
      networkType: 152
    },
    mosaics: [ [Mosaic] ],
    message: PlainMessage { type: 0, payload: 'Restictable' }
  },
  TransferTransaction {
    type: 16724,
    networkType: 152,
    version: 1,
    deadline: Deadline { adjustedValue: 8104120985 },
    maxFee: UInt64 { lower: 2797344, higher: 0 },
    signature: '601AE65CA56E919E43FE3C7B5899E5A9E10DAD0FC1A2424F59F0713C15202DECC95FD311148DDB7327ED177D5BA8F64BFAAF967D8C4D3E09BA25A75B9C4D9F0C',
    signer: PublicAccount {
      publicKey: '86240FE8AA459A8ECCBA2F5A481A18FFAFB392F2D767027D2AA43C4C19E40231',
      address: [Address]
    },
    transactionInfo: TransactionInfo {
      height: [UInt64],
      index: 0,
      id: '624594DA0A21EB5CD27E2D09',
      hash: '18A248A5691C645653C970CA09EEF138266985894CAB2FD5BD68B2ABD8F8C2F4',
      merkleComponentHash: '18A248A5691C645653C970CA09EEF138266985894CAB2FD5BD68B2ABD8F8C2F4'
    },
    payloadSize: 176,
    recipientAddress: Address {
      address: 'TDIR3I5NU2HPZ7KTNMMB4YWSIPP2X4LWVFOCIWY',
      networkType: 152
    },
    mosaics: [ [Mosaic] ],
    message: RawMessage { type: -1, payload: '' }
  },
  AggregateTransaction {
    type: 16705,
    networkType: 152,
    version: 1,
    deadline: Deadline { adjustedValue: 8104412566 },
    maxFee: UInt64 { lower: 4975464, higher: 0 },
    signature: '00D6F692095AC2C358027BE05FF213AEC79991F46A562C0B22337FADC7D7E26B8092E5AD21C9009C2E9CAE49CE33DF1005307D202BAAE52733D16B06A8A7BE00',
    signer: PublicAccount {
      publicKey: '8DEB6986E0B9DC5F4A71E0F73BB437567B156730BFCD3F133B977B43152EF492',
      address: [Address]
    },
    transactionInfo: TransactionInfo {
      height: [UInt64],
      index: 0,
      id: '624594DA0A21EB5CD27E2D16',
      hash: 'A021F9D13C0C5D19C79305C9A1D36C60AEE8F69DBFF51426AA68E6BE37281B83',
      merkleComponentHash: 'A021F9D13C0C5D19C79305C9A1D36C60AEE8F69DBFF51426AA68E6BE37281B83'
    },
    payloadSize: 312,
    innerTransactions: [],
    cosignatures: []
  },
  TransferTransaction {
    type: 16724,
    networkType: 152,
    version: 1,
    deadline: Deadline { adjustedValue: 8104471014 },
    maxFee: UInt64 { lower: 2816000, higher: 0 },
    signature: '41CCFF5E0A5E8542F9DBC76FE1C762E43A91B4FDEC1FB4C5577604B0B096A07E22A063876D43401BE88A5CBAC05A10D75E7C9DE38821AE7088E358A9D329890D',
    signer: PublicAccount {
      publicKey: '8DEB6986E0B9DC5F4A71E0F73BB437567B156730BFCD3F133B977B43152EF492',
      address: [Address]
    },
    transactionInfo: TransactionInfo {
      height: [UInt64],
      index: 0,
      id: '624594DA0A21EB5CD27E2D1E',
      hash: 'D27AE9036EC2FDDF9DAE77B1851E67AA835C8B8123FA4ACB892EE41C7557978D',
      merkleComponentHash: 'D27AE9036EC2FDDF9DAE77B1851E67AA835C8B8123FA4ACB892EE41C7557978D'
    },
    payloadSize: 176,
    recipientAddress: Address {
      address: 'TDH5CK6CAO53Y2YXISUKCXGTP5LESPJWNGEOSMQ',
      networkType: 152
    },
    mosaics: [ [Mosaic] ],
    message: RawMessage { type: -1, payload: '' }
  },
  TransferTransaction {
    type: 16724,
    networkType: 152,
    version: 1,
    deadline: Deadline { adjustedValue: 8104678477 },
    maxFee: UInt64 { lower: 2825328, higher: 0 },
    signature: 'C9F90493D74CC35E91EFE1A08DBA6AB9FB30108FF349AEC50CE9CA2E9D57CD96ED23FE33537323CD5829E232D399D4C28FFC9906135430C19F4D8EC2FA81D50B',
    signer: PublicAccount {
      publicKey: '8DEB6986E0B9DC5F4A71E0F73BB437567B156730BFCD3F133B977B43152EF492',
      address: [Address]
    },
    transactionInfo: TransactionInfo {
      height: [UInt64],
      index: 0,
      id: '624594DA0A21EB5CD27E2D2B',
      hash: 'C1711FCCC7B1BBA0DC7A4F40966F337E10721F9B1F3A2FC4D641E0C478F768E7',
      merkleComponentHash: 'C1711FCCC7B1BBA0DC7A4F40966F337E10721F9B1F3A2FC4D641E0C478F768E7'
    },
    payloadSize: 176,
    recipientAddress: Address {
      address: 'TDH5CK6CAO53Y2YXISUKCXGTP5LESPJWNGEOSMQ',
      networkType: 152
    },
    mosaics: [ [Mosaic] ],
    message: RawMessage { type: -1, payload: '' }
  },
  AggregateTransaction {
    type: 16705,
    networkType: 152,
    version: 1,
    deadline: Deadline { adjustedValue: 8104913895 },
    maxFee: UInt64 { lower: 6075784, higher: 0 },
    signature: '502E2DECF1FE45B150C4EF9551A185F5E9410D0EFF6B4DCF8E132F4E40921AAEC27C6242D9B16D5DC528427624112EC3FC42C7BBF5888FCC17AB73734BB8540F',
    signer: PublicAccount {
      publicKey: '8DEB6986E0B9DC5F4A71E0F73BB437567B156730BFCD3F133B977B43152EF492',
      address: [Address]
    },
    transactionInfo: TransactionInfo {
      height: [UInt64],
      index: 0,
      id: '624594DA0A21EB5CD27E2D39',
      hash: '563E20320819A099A91217FBE0B8D3B1F9C63513490B0290F6E3959054B27019',
      merkleComponentHash: '563E20320819A099A91217FBE0B8D3B1F9C63513490B0290F6E3959054B27019'
    },
    payloadSize: 376,
    innerTransactions: [],
    cosignatures: []
  },
  AggregateTransaction {
    type: 16705,
    networkType: 152,
    version: 1,
    deadline: Deadline { adjustedValue: 8298222075 },
    maxFee: UInt64 { lower: 47736, higher: 0 },
    signature: '01E5C92BA56618476AEF0C2725C8CAE20C06CCA1F99A8A865A34E6DF029810877EDA6E2E2771380C508567C7A107348ABE08C93FF8E2CF37BB6A128DE3A5C90F',
    signer: PublicAccount {
      publicKey: '8DEB6986E0B9DC5F4A71E0F73BB437567B156730BFCD3F133B977B43152EF492',
      address: [Address]
    },
    transactionInfo: TransactionInfo {
      height: [UInt64],
      index: 0,
      id: '6245958B0A21EB5CD27E63E8',
      hash: 'E6ECFD4C9A73BF6E8B88FD3570CEDB8E3F623B7A3A83047C35810892E11ABF76',
      merkleComponentHash: 'E6ECFD4C9A73BF6E8B88FD3570CEDB8E3F623B7A3A83047C35810892E11ABF76'
    },
    payloadSize: 312,
    innerTransactions: [],
    cosignatures: []
  },
  MosaicSupplyChangeTransaction {
    type: 16973,
    networkType: 152,
    version: 1,
    deadline: Deadline { adjustedValue: 8298349063 },
    maxFee: UInt64 { lower: 22185, higher: 0 },
    signature: 'CA2EE984329CB45350019944F13899DAE89B2BB45EF04A5384EBDC2757EDF112C8C1B3033BC4A7DF51CFC593909E80C067A74D6E39806CBD9D54CBB297274108',
    signer: PublicAccount {
      publicKey: '8DEB6986E0B9DC5F4A71E0F73BB437567B156730BFCD3F133B977B43152EF492',
      address: [Address]
    },
    transactionInfo: TransactionInfo {
      height: [UInt64],
      index: 0,
      id: '6245958B0A21EB5CD27E63F6',
      hash: '2D8840356EC8202F08454461B1753FF387CE90FCF30C691D7BFAAAA4812A92EF',
      merkleComponentHash: '2D8840356EC8202F08454461B1753FF387CE90FCF30C691D7BFAAAA4812A92EF'
    },
    payloadSize: 145,
    mosaicId: MosaicId { id: [Id] },
    action: 1,
    delta: UInt64 { lower: 10, higher: 0 }
  },
  TransferTransaction {
    type: 16724,
    networkType: 152,
    version: 1,
    deadline: Deadline { adjustedValue: 8298922322 },
    maxFee: UInt64 { lower: 26224, higher: 0 },
    signature: '24455AE923A6288C7BF27CA3AEC7D48C077532DCEA492FED2E940BA9B425805D3E7F542D54BE7CFEEFC11CBFFC7CC3D6388CBF9406510CAF04766481D5BEE400',
    signer: PublicAccount {
      publicKey: '8DEB6986E0B9DC5F4A71E0F73BB437567B156730BFCD3F133B977B43152EF492',
      address: [Address]
    },
    transactionInfo: TransactionInfo {
      height: [UInt64],
      index: 0,
      id: '6245958B0A21EB5CD27E641A',
      hash: 'AF045CFB184F43862BC5499359E48C1C446AA25CC98830F7B7E2006B0A4C06D1',
      merkleComponentHash: 'AF045CFB184F43862BC5499359E48C1C446AA25CC98830F7B7E2006B0A4C06D1'
    },
    payloadSize: 176,
    recipientAddress: Address {
      address: 'TDH5CK6CAO53Y2YXISUKCXGTP5LESPJWNGEOSMQ',
      networkType: 152
    },
    mosaics: [ [Mosaic] ],
    message: RawMessage { type: -1, payload: '' }
  },
  TransferTransaction {
    type: 16724,
    networkType: 152,
    version: 1,
    deadline: Deadline { adjustedValue: 8299074981 },
    maxFee: UInt64 { lower: 24640, higher: 0 },
    signature: '070C7D941C8239E782E6C2DF1BFAFCFF156B3CE591033464164A1B780119CA23A89EEC225CD5C21199E19AB386C022624DF69FD82190E90D429EC270ADDCA807',
    signer: PublicAccount {
      publicKey: '86240FE8AA459A8ECCBA2F5A481A18FFAFB392F2D767027D2AA43C4C19E40231',
      address: [Address]
    },
    transactionInfo: TransactionInfo {
      height: [UInt64],
      index: 0,
      id: '6245958B0A21EB5CD27E6421',
      hash: '461801F22D7729ACEA0185E46BD2E559527C45FF06D58A09A2DADB24C6126043',
      merkleComponentHash: '461801F22D7729ACEA0185E46BD2E559527C45FF06D58A09A2DADB24C6126043'
    },
    payloadSize: 176,
    recipientAddress: Address {
      address: 'TDIR3I5NU2HPZ7KTNMMB4YWSIPP2X4LWVFOCIWY',
      networkType: 152
    },
    mosaics: [ [Mosaic] ],
    message: RawMessage { type: -1, payload: '' }
  },
  NamespaceRegistrationTransaction {
    type: 16718,
    networkType: 152,
    version: 1,
    deadline: Deadline { adjustedValue: 8300488403 },
    maxFee: UInt64 { lower: 20020, higher: 0 },
    signature: '7AA7CE4236D16333632EA49A0C10EEC071068572BE1E7AC66FE9B0925D78B702DA93151B68E7CAC4EC622BDEA0059A80DBCB3089578D603ECC9A4CED61691507',
    signer: PublicAccount {
      publicKey: '8DEB6986E0B9DC5F4A71E0F73BB437567B156730BFCD3F133B977B43152EF492',
      address: [Address]
    },
    transactionInfo: TransactionInfo {
      height: [UInt64],
      index: 0,
      id: '6245958B0A21EB5CD27E6470',
      hash: '6C9506763BC8BA9BE9ABC1CD890337EBCB260450A162A3D75CED77C65257FEEF',
      merkleComponentHash: '6C9506763BC8BA9BE9ABC1CD890337EBCB260450A162A3D75CED77C65257FEEF'
    },
    payloadSize: 154,
    registrationType: 0,
    namespaceName: 'kazumasa',
    namespaceId: NamespaceId { id: [Id] },
    duration: UInt64 { lower: 864000, higher: 0 },
    parentId: undefined
  },
  MosaicAliasTransaction {
    type: 17230,
    networkType: 152,
    version: 1,
    deadline: Deadline { adjustedValue: 8300568828 },
    maxFee: UInt64 { lower: 18850, higher: 0 },
    signature: 'C76F7717D815908247B43360A92561F399A2EF06C5E2276AD84B379458B46EDBADDAC18A6E1F7D922AFBB97E5A798176883BBB229602927DB23EE0A2ED7C680B',
    signer: PublicAccount {
      publicKey: '8DEB6986E0B9DC5F4A71E0F73BB437567B156730BFCD3F133B977B43152EF492',
      address: [Address]
    },
    transactionInfo: TransactionInfo {
      height: [UInt64],
      index: 0,
      id: '6245958B0A21EB5CD27E6476',
      hash: 'C4A6AC27B80CA9183D39329F1166BC29B1FD8F4317C40D49746A14C546951BA8',
      merkleComponentHash: 'C4A6AC27B80CA9183D39329F1166BC29B1FD8F4317C40D49746A14C546951BA8'
    },
    payloadSize: 145,
    aliasAction: 1,
    namespaceId: NamespaceId { id: [Id] },
    mosaicId: MosaicId { id: [Id] }
  },
  TransferTransaction {
    type: 16724,
    networkType: 152,
    version: 1,
    deadline: Deadline { adjustedValue: 8300699191 },
    maxFee: UInt64 { lower: 22880, higher: 0 },
    signature: 'A7F2078C10D6EBE3B26876212F9DCE8D39D9311C454E7AD21889209F5054107A30CD9E05D366646E17AA77800C5B7B1F257CAB46342DCE4D2097E5513399FE05',
    signer: PublicAccount {
      publicKey: '8DEB6986E0B9DC5F4A71E0F73BB437567B156730BFCD3F133B977B43152EF492',
      address: [Address]
    },
    transactionInfo: TransactionInfo {
      height: [UInt64],
      index: 0,
      id: '6245958B0A21EB5CD27E647F',
      hash: '0BB68C892EAAEB61D32877AEB5885B75D01E5F2BBBDBE630A7C801DB9E7B17CA',
      merkleComponentHash: '0BB68C892EAAEB61D32877AEB5885B75D01E5F2BBBDBE630A7C801DB9E7B17CA'
    },
    payloadSize: 176,
    recipientAddress: Address {
      address: 'TDH5CK6CAO53Y2YXISUKCXGTP5LESPJWNGEOSMQ',
      networkType: 152
    },
    mosaics: [ [Mosaic] ],
    message: RawMessage { type: -1, payload: '' }
  },
  AggregateTransaction {
    type: 16705,
    networkType: 152,
    version: 1,
    deadline: Deadline { adjustedValue: 8795836780 },
    maxFee: UInt64 { lower: 5181408, higher: 0 },
    signature: '314D90619BB035121031363C015811ECC3A22B317DB8A6CA10F125DF7C679DA273E57565068B3CA4C8EA71F5D05854EBFF0D181B72FA8531948F73AA0AED210B',
    signer: PublicAccount {
      publicKey: '8DEB6986E0B9DC5F4A71E0F73BB437567B156730BFCD3F133B977B43152EF492',
      address: [Address]
    },
    transactionInfo: TransactionInfo {
      height: [UInt64],
      index: 0,
      id: '6245975D0A21EB5CD27FC944',
      hash: 'B60458D5CD78E884422EB98F2E5FCFDBA8514045AB70C8B65614FAD9129D70E9',
      merkleComponentHash: 'B60458D5CD78E884422EB98F2E5FCFDBA8514045AB70C8B65614FAD9129D70E9'
    },
    payloadSize: 432,
    innerTransactions: [],
    cosignatures: []
  },
  TransferTransaction {
    type: 16724,
    networkType: 152,
    version: 1,
    deadline: Deadline { adjustedValue: 8795884245 },
    maxFee: UInt64 { lower: 2110944, higher: 0 },
    signature: 'FBBEBA0ECDE4E84F5A377F2B7313DF7573D646456903DC6B74E066A9CEA70194C35E6EA34FE24BF9A96364052B4A9671FE488552D5ECEB6203FE5752535ECC0A',
    signer: PublicAccount {
      publicKey: '8DEB6986E0B9DC5F4A71E0F73BB437567B156730BFCD3F133B977B43152EF492',
      address: [Address]
    },
    transactionInfo: TransactionInfo {
      height: [UInt64],
      index: 0,
      id: '6245975D0A21EB5CD27FC94A',
      hash: '9B2179A3911110D0D921F2713EC4A9C31DCCA7DF5438AA9631EA4D14D24D40BA',
      merkleComponentHash: '9B2179A3911110D0D921F2713EC4A9C31DCCA7DF5438AA9631EA4D14D24D40BA'
    },
    payloadSize: 176,
    recipientAddress: Address {
      address: 'TDH5CK6CAO53Y2YXISUKCXGTP5LESPJWNGEOSMQ',
      networkType: 152
    },
    mosaics: [ [Mosaic] ],
    message: RawMessage { type: -1, payload: '' }
  },
  TransferTransaction {
    type: 16724,
    networkType: 152,
    version: 1,
    deadline: Deadline { adjustedValue: 9437524025 },
    maxFee: UInt64 { lower: 2000000, higher: 0 },
    signature: '99F32BB75F3BC91471B4C99F1AE24B9599D07BAF932A0E27B27C1E338524547A511432FFA4677918D77B81367D037C3A4D5FEF59BFE7D90DE73FB04415E0CE0B',
    signer: PublicAccount {
      publicKey: '8DEB6986E0B9DC5F4A71E0F73BB437567B156730BFCD3F133B977B43152EF492',
      address: [Address]
    },
    transactionInfo: TransactionInfo {
      height: [UInt64],
      index: 1,
      id: '624599F50A21EB5CD280758E',
      hash: 'C28C237D7896C86DAAC1F7A8FDCBD6712B771DCC05AEA3878FA7753F0915E0E4',
      merkleComponentHash: 'C28C237D7896C86DAAC1F7A8FDCBD6712B771DCC05AEA3878FA7753F0915E0E4'
    },
    payloadSize: 199,
    recipientAddress: Address {
      address: 'TATO6GDWZRAT6IY4HWN4QUHIB73KZSY2T3NXX5A',
      networkType: 152
    },
    mosaics: [ [Mosaic] ],
    message: PlainMessage { type: 0, payload: 'This is a test message' }
  },
  TransferTransaction {
    type: 16724,
    networkType: 152,
    version: 1,
    deadline: Deadline { adjustedValue: 9437497766 },
    maxFee: UInt64 { lower: 2000000, higher: 0 },
    signature: '571112CE4172275CD146F4BBD33A108CA1806AA4CF2D254CDFB3FC7BDF2FF8EB7AD85422FD70596EF93736615F621529BA0C01662AF2261CE38D8ED2262E7908',
    signer: PublicAccount {
      publicKey: '8DEB6986E0B9DC5F4A71E0F73BB437567B156730BFCD3F133B977B43152EF492',
      address: [Address]
    },
    transactionInfo: TransactionInfo {
      height: [UInt64],
      index: 0,
      id: '624599F50A21EB5CD280758F',
      hash: 'AB576B489EAE0C55B5B0B4401E90287E188F9D496121FA22BC8AE60139451859',
      merkleComponentHash: 'AB576B489EAE0C55B5B0B4401E90287E188F9D496121FA22BC8AE60139451859'
    },
    payloadSize: 199,
    recipientAddress: Address {
      address: 'TATO6GDWZRAT6IY4HWN4QUHIB73KZSY2T3NXX5A',
      networkType: 152
    },
    mosaics: [ [Mosaic] ],
    message: PlainMessage { type: 0, payload: 'This is a test message' }
  },
  TransferTransaction {
    type: 16724,
    networkType: 152,
    version: 1,
    deadline: Deadline { adjustedValue: 9437539791 },
    maxFee: UInt64 { lower: 2000000, higher: 0 },
    signature: '72FF0945EBC4D42B2140D131626C2FF7B27101921AF889AAD487FB958C54B25860C94930B3E45297392778D35B6A1C784A5292E46ED75DEF6E872AFAEA3ADC0A',
    signer: PublicAccount {
      publicKey: '8DEB6986E0B9DC5F4A71E0F73BB437567B156730BFCD3F133B977B43152EF492',
      address: [Address]
    },
    transactionInfo: TransactionInfo {
      height: [UInt64],
      index: 0,
      id: '624599F50A21EB5CD2807592',
      hash: '0AEA428E580C4A9E7293229C010ED9641187FFD579E5C6A9839EBBAF0B8F81C9',
      merkleComponentHash: '0AEA428E580C4A9E7293229C010ED9641187FFD579E5C6A9839EBBAF0B8F81C9'
    },
    payloadSize: 199,
    recipientAddress: Address {
      address: 'TATO6GDWZRAT6IY4HWN4QUHIB73KZSY2T3NXX5A',
      networkType: 152
    },
    mosaics: [ [Mosaic] ],
    message: PlainMessage { type: 0, payload: 'This is a test message' }
  }
]
