[
  TransferTransaction {
    type: 16724,
    networkType: 152,
    version: 1,
    deadline: Deadline { adjustedValue: 9729058780 },
    maxFee: UInt64 { lower: 2000000, higher: 0 },
    signature: '35DA0DD84D12C845936AFFA603B45AA89C85230D8D5A8C3D52DEBE4289C5B59048BC7F95D1E09D046E13841AEA957D012F47BA52459AF1C682A75CE1FBB3E800',
    signer: PublicAccount {
      publicKey: '8DEB6986E0B9DC5F4A71E0F73BB437567B156730BFCD3F133B977B43152EF492',
      address: [Address]
    },
    transactionInfo: TransactionInfo {
      height: [UInt64],
      index: 1,
      id: '62459B330A21EB5CD280BCFB',
      hash: 'FF15E795A50029FED8E2519B2FAA38730E07DE4124CCDF3419F2379119460133',
      merkleComponentHash: 'FF15E795A50029FED8E2519B2FAA38730E07DE4124CCDF3419F2379119460133'
    },
    payloadSize: 199,
    recipientAddress: Address {
      address: 'TATO6GDWZRAT6IY4HWN4QUHIB73KZSY2T3NXX5A',
      networkType: 152
    },
    mosaics: [ [Mosaic] ],
    message: PlainMessage { type: 0, payload: 'This is a test message' }
  },
  TransferTransaction {
    type: 16724,
    networkType: 152,
    version: 1,
    deadline: Deadline { adjustedValue: 9729040320 },
    maxFee: UInt64 { lower: 2000000, higher: 0 },
    signature: '78EA732E92A88F60B95774D3930E56A28F6D8C500FF8D8ED8D39578A32B02112E1072250904F4AA89A9D2D959D0735EF74DB6FBC2AC108F1CDE06590863E9D0D',
    signer: PublicAccount {
      publicKey: '8DEB6986E0B9DC5F4A71E0F73BB437567B156730BFCD3F133B977B43152EF492',
      address: [Address]
    },
    transactionInfo: TransactionInfo {
      height: [UInt64],
      index: 0,
      id: '62459B330A21EB5CD280BCFC',
      hash: 'F8E8C60935F98D648F02440E89160C669299FE50397A2D0B747CEC1186F80E40',
      merkleComponentHash: 'F8E8C60935F98D648F02440E89160C669299FE50397A2D0B747CEC1186F80E40'
    },
    payloadSize: 199,
    recipientAddress: Address {
      address: 'TATO6GDWZRAT6IY4HWN4QUHIB73KZSY2T3NXX5A',
      networkType: 152
    },
    mosaics: [ [Mosaic] ],
    message: PlainMessage { type: 0, payload: 'This is a test message' }
  },
  TransferTransaction {
    type: 16724,
    networkType: 152,
    version: 1,
    deadline: Deadline { adjustedValue: 9729073679 },
    maxFee: UInt64 { lower: 2000000, higher: 0 },
    signature: '1A40C321A9EF4786C8B8416D577CFBBA571AE3832130EF4192380A1044FA60A9D2A5C2187F0C36324688DD73A53E79C1EA101D39FF455137BC5219D82852D504',
    signer: PublicAccount {
      publicKey: '8DEB6986E0B9DC5F4A71E0F73BB437567B156730BFCD3F133B977B43152EF492',
      address: [Address]
    },
    transactionInfo: TransactionInfo {
      height: [UInt64],
      index: 0,
      id: '62459B330A21EB5CD280BCFF',
      hash: 'ECFBD328D30CF7FDE512B5A3EE66BF76E350A7C2566F4B348CF966E0CB756DD7',
      merkleComponentHash: 'ECFBD328D30CF7FDE512B5A3EE66BF76E350A7C2566F4B348CF966E0CB756DD7'
    },
    payloadSize: 199,
    recipientAddress: Address {
      address: 'TATO6GDWZRAT6IY4HWN4QUHIB73KZSY2T3NXX5A',
      networkType: 152
    },
    mosaics: [ [Mosaic] ],
    message: PlainMessage { type: 0, payload: 'This is a test message' }
  },
  TransferTransaction {
    type: 16724,
    networkType: 152,
    version: 1,
    deadline: Deadline { adjustedValue: 10195241027 },
    maxFee: UInt64 { lower: 2000000, higher: 0 },
    signature: '9D80DCEB9CAF661763D8788911C59BB39AD9594D6DE4AFA05D989885C9536ED1E3E3F6A1D8423522B6AB0FEEF4BAA855F6973123E0DA2E4016E6C8385830D808',
    signer: PublicAccount {
      publicKey: '8DEB6986E0B9DC5F4A71E0F73BB437567B156730BFCD3F133B977B43152EF492',
      address: [Address]
    },
    transactionInfo: TransactionInfo {
      height: [UInt64],
      index: 1,
      id: '62459D350A21EB5CD2816BC6',
      hash: '8D65D94240AAB7179E4CE02C53755E947E395E0F5B1B49CDCD9978A7CBBA462C',
      merkleComponentHash: '8D65D94240AAB7179E4CE02C53755E947E395E0F5B1B49CDCD9978A7CBBA462C'
    },
    payloadSize: 199,
    recipientAddress: Address {
      address: 'TATO6GDWZRAT6IY4HWN4QUHIB73KZSY2T3NXX5A',
      networkType: 152
    },
    mosaics: [ [Mosaic] ],
    message: PlainMessage { type: 0, payload: 'This is a test message' }
  },
  TransferTransaction {
    type: 16724,
    networkType: 152,
    version: 1,
    deadline: Deadline { adjustedValue: 10195265306 },
    maxFee: UInt64 { lower: 2000000, higher: 0 },
    signature: 'CEC366BE6E2C70936149C1248A4776B6AFA8CAAD8AA79ED8BFEF00CD340A85C33B30326DD3D2D9E2E6DAE4665DC8F6642196F32FB72AC113C5D140158C096708',
    signer: PublicAccount {
      publicKey: '8DEB6986E0B9DC5F4A71E0F73BB437567B156730BFCD3F133B977B43152EF492',
      address: [Address]
    },
    transactionInfo: TransactionInfo {
      height: [UInt64],
      index: 0,
      id: '62459D350A21EB5CD2816BC9',
      hash: '1895B31E97286CD62C30033943352540DE974F02C896EFDDFBD6B9F10C532AC3',
      merkleComponentHash: '1895B31E97286CD62C30033943352540DE974F02C896EFDDFBD6B9F10C532AC3'
    },
    payloadSize: 199,
    recipientAddress: Address {
      address: 'TATO6GDWZRAT6IY4HWN4QUHIB73KZSY2T3NXX5A',
      networkType: 152
    },
    mosaics: [ [Mosaic] ],
    message: PlainMessage { type: 0, payload: 'This is a test message' }
  },
  TransferTransaction {
    type: 16724,
    networkType: 152,
    version: 1,
    deadline: Deadline { adjustedValue: 10195372048 },
    maxFee: UInt64 { lower: 2000000, higher: 0 },
    signature: '2759E7655162CCFB79F8503C7993F4CA9A19C464FFA936F3413304768EFB744CB451943559C5DBBE6631D94D84EA76070662B15435A7605B06E7FA2F10969C07',
    signer: PublicAccount {
      publicKey: '8DEB6986E0B9DC5F4A71E0F73BB437567B156730BFCD3F133B977B43152EF492',
      address: [Address]
    },
    transactionInfo: TransactionInfo {
      height: [UInt64],
      index: 1,
      id: '62459D350A21EB5CD2816BCF',
      hash: 'BDA3E1D813CABA5DA603B261D7B58F65A0D0B448331E8CF8887B507CC0BDE3AA',
      merkleComponentHash: 'BDA3E1D813CABA5DA603B261D7B58F65A0D0B448331E8CF8887B507CC0BDE3AA'
    },
    payloadSize: 199,
    recipientAddress: Address {
      address: 'TATO6GDWZRAT6IY4HWN4QUHIB73KZSY2T3NXX5A',
      networkType: 152
    },
    mosaics: [ [Mosaic] ],
    message: PlainMessage { type: 0, payload: 'This is a test message' }
  },
  TransferTransaction {
    type: 16724,
    networkType: 152,
    version: 1,
    deadline: Deadline { adjustedValue: 10195353947 },
    maxFee: UInt64 { lower: 2000000, higher: 0 },
    signature: '0F486333500FDA66C91998AFDFE816096BFB154BEAD6A68DF1679E73ED785328E031D57D593966317E4DA835F221CF5D1822428BF0D166F7EE39D07E58529603',
    signer: PublicAccount {
      publicKey: '8DEB6986E0B9DC5F4A71E0F73BB437567B156730BFCD3F133B977B43152EF492',
      address: [Address]
    },
    transactionInfo: TransactionInfo {
      height: [UInt64],
      index: 0,
      id: '62459D350A21EB5CD2816BD0',
      hash: 'B586020B64F50DBD631DB8FD40B5D2A4110A8EEF8C2EFDE85EF1B27B71A84225',
      merkleComponentHash: 'B586020B64F50DBD631DB8FD40B5D2A4110A8EEF8C2EFDE85EF1B27B71A84225'
    },
    payloadSize: 199,
    recipientAddress: Address {
      address: 'TATO6GDWZRAT6IY4HWN4QUHIB73KZSY2T3NXX5A',
      networkType: 152
    },
    mosaics: [ [Mosaic] ],
    message: PlainMessage { type: 0, payload: 'This is a test message' }
  },
  TransferTransaction {
    type: 16724,
    networkType: 152,
    version: 1,
    deadline: Deadline { adjustedValue: 10195389287 },
    maxFee: UInt64 { lower: 2000000, higher: 0 },
    signature: 'AE142EBF491BD237BAEB29DAE53B2AF17AF39BE0667570AA36E3FCDBC948131E172A3FB6B470E510A0439A440BBE9758B333AD36C01CA2ADE309687016B63D0A',
    signer: PublicAccount {
      publicKey: '8DEB6986E0B9DC5F4A71E0F73BB437567B156730BFCD3F133B977B43152EF492',
      address: [Address]
    },
    transactionInfo: TransactionInfo {
      height: [UInt64],
      index: 0,
      id: '62459D350A21EB5CD2816BD4',
      hash: '881905811B3E3C64C716113CFAB3C88C74884B00CBFF049887410E9719B94E4B',
      merkleComponentHash: '881905811B3E3C64C716113CFAB3C88C74884B00CBFF049887410E9719B94E4B'
    },
    payloadSize: 199,
    recipientAddress: Address {
      address: 'TATO6GDWZRAT6IY4HWN4QUHIB73KZSY2T3NXX5A',
      networkType: 152
    },
    mosaics: [ [Mosaic] ],
    message: PlainMessage { type: 0, payload: 'This is a test message' }
  },
  TransferTransaction {
    type: 16724,
    networkType: 152,
    version: 1,
    deadline: Deadline { adjustedValue: 10195678699 },
    maxFee: UInt64 { lower: 2000000, higher: 0 },
    signature: '785C26384133E723F27FBAAC63D9542BCE152D74A7FF5FA88F0E6D11D18D47201ED18067385A8FA68EEEE16BB53340EE28B6A54130298CCCEFEF81F1957F0103',
    signer: PublicAccount {
      publicKey: '8DEB6986E0B9DC5F4A71E0F73BB437567B156730BFCD3F133B977B43152EF492',
      address: [Address]
    },
    transactionInfo: TransactionInfo {
      height: [UInt64],
      index: 0,
      id: '62459D350A21EB5CD2816BE7',
      hash: '81424ADA78F1A9F5D1DEEABE50D95947A0B2E056A81E64F4C29E95FA5789E61A',
      merkleComponentHash: '81424ADA78F1A9F5D1DEEABE50D95947A0B2E056A81E64F4C29E95FA5789E61A'
    },
    payloadSize: 192,
    recipientAddress: Address {
      address: 'TATO6GDWZRAT6IY4HWN4QUHIB73KZSY2T3NXX5A',
      networkType: 152
    },
    mosaics: [ [Mosaic] ],
    message: PlainMessage { type: 0, payload: '[object Object]' }
  },
  TransferTransaction {
    type: 16724,
    networkType: 152,
    version: 1,
    deadline: Deadline { adjustedValue: 10195698758 },
    maxFee: UInt64 { lower: 2000000, higher: 0 },
    signature: '50D22FE45E319EEEF013BE19CE87F7E26994978F24688F91FA63B511BAE682C7603098B4C653D16377D3BBD916C8F3EF53BB071E16CA41F0733E6FBA47050B05',
    signer: PublicAccount {
      publicKey: '8DEB6986E0B9DC5F4A71E0F73BB437567B156730BFCD3F133B977B43152EF492',
      address: [Address]
    },
    transactionInfo: TransactionInfo {
      height: [UInt64],
      index: 0,
      id: '62459D350A21EB5CD2816BEB',
      hash: '019804B2E7E963F0AE2FAEF5B367F3A1ACD328EA7710911E6E13549F5BC311A8',
      merkleComponentHash: '019804B2E7E963F0AE2FAEF5B367F3A1ACD328EA7710911E6E13549F5BC311A8'
    },
    payloadSize: 192,
    recipientAddress: Address {
      address: 'TATO6GDWZRAT6IY4HWN4QUHIB73KZSY2T3NXX5A',
      networkType: 152
    },
    mosaics: [ [Mosaic] ],
    message: PlainMessage { type: 0, payload: '[object Object]' }
  },
  TransferTransaction {
    type: 16724,
    networkType: 152,
    version: 1,
    deadline: Deadline { adjustedValue: 10195849122 },
    maxFee: UInt64 { lower: 2000000, higher: 0 },
    signature: '3667A97A56A7B03D40E9C1B91A4C8F4F1F4FDFA071154D6A4391B56A9B1346736D07A02CBD96239809BF5E1AE3F524DF4D81412BD5B09C5F15DFA68F741F5609',
    signer: PublicAccount {
      publicKey: '8DEB6986E0B9DC5F4A71E0F73BB437567B156730BFCD3F133B977B43152EF492',
      address: [Address]
    },
    transactionInfo: TransactionInfo {
      height: [UInt64],
      index: 0,
      id: '62459D350A21EB5CD2816BF6',
      hash: '4E082CCE2F3B16BBA6454001781B03C4101BC2ACBE93DC85E943DF25A5477A6C',
      merkleComponentHash: '4E082CCE2F3B16BBA6454001781B03C4101BC2ACBE93DC85E943DF25A5477A6C'
    },
    payloadSize: 192,
    recipientAddress: Address {
      address: 'TATO6GDWZRAT6IY4HWN4QUHIB73KZSY2T3NXX5A',
      networkType: 152
    },
    mosaics: [ [Mosaic] ],
    message: PlainMessage { type: 0, payload: '{"test":"test"}' }
  },
  TransferTransaction {
    type: 16724,
    networkType: 152,
    version: 1,
    deadline: Deadline { adjustedValue: 10195878581 },
    maxFee: UInt64 { lower: 2000000, higher: 0 },
    signature: '8F7197F7AFDA65CFD2C78D00CAF5A9625C9FBDB6E3F5B5E9B95F41AE79E6E52B620A7F36EC08BF7BA00C68DA3963B9378C6E45CD0E346E8A5EDF3AD30383D20A',
    signer: PublicAccount {
      publicKey: '8DEB6986E0B9DC5F4A71E0F73BB437567B156730BFCD3F133B977B43152EF492',
      address: [Address]
    },
    transactionInfo: TransactionInfo {
      height: [UInt64],
      index: 2,
      id: '62459D350A21EB5CD2816BF8',
      hash: '255891F6AA968053475B6D18AD7C8CE0684395C02FF971C891B07A5FCE7C69D9',
      merkleComponentHash: '255891F6AA968053475B6D18AD7C8CE0684395C02FF971C891B07A5FCE7C69D9'
    },
    payloadSize: 666,
    recipientAddress: Address {
      address: 'TATO6GDWZRAT6IY4HWN4QUHIB73KZSY2T3NXX5A',
      networkType: 152
    },
    mosaics: [ [Mosaic] ],
    message: PlainMessage {
      type: 0,
      payload: '{"deviceInfo":{"deviceId":"7MF6JK6WPDQ25378","type":"button","remainingLife":84.65959,"attributes":{"projectRegion":"ap-northeast-1","projectName":"CDKTest","placementName":"button1","deviceTemplateName":"CDK"}},"deviceEvent":{"buttonClicked":{"clickType":"SINGLE","reportedTime":"2022-03-23T12:12:04.324Z"}},"placementInfo":{"projectName":"CDKTest","placementName":"button1","attributes":{"event":"{   \\"body\\": { \\"firstname\\": \\"symbol-xym\\" } }"},"devices":{"CDK":"7MF6JK6WPDQ25378"}}}'
    }
  },
  TransferTransaction {
    type: 16724,
    networkType: 152,
    version: 1,
    deadline: Deadline { adjustedValue: 11802252438 },
    maxFee: UInt64 { lower: 2000000, higher: 0 },
    signature: '497A4A63EC30296BA85BD8FAA7BE8A11A99A893CA5DAA4057B0CAF3E4A80130BB8E9D592B127F037A1050BC8723954F1B46FE739E82448A4FFCDBA7C65F2610C',
    signer: PublicAccount {
      publicKey: '8DEB6986E0B9DC5F4A71E0F73BB437567B156730BFCD3F133B977B43152EF492',
      address: [Address]
    },
    transactionInfo: TransactionInfo {
      height: [UInt64],
      index: 0,
      id: '625391890A21EB5CD2856F94',
      hash: 'B96B077BC299707B03E919A79FE8E440FF63B593B38B9C7B4D43E9FAB574DFDB',
      merkleComponentHash: 'B96B077BC299707B03E919A79FE8E440FF63B593B38B9C7B4D43E9FAB574DFDB'
    },
    payloadSize: 666,
    recipientAddress: Address {
      address: 'TATO6GDWZRAT6IY4HWN4QUHIB73KZSY2T3NXX5A',
      networkType: 152
    },
    mosaics: [ [Mosaic] ],
    message: PlainMessage {
      type: 0,
      payload: '{"deviceInfo":{"deviceId":"7MF6JK6WPDQ25378","type":"button","remainingLife":79.56582,"attributes":{"projectRegion":"ap-northeast-1","projectName":"CDKTest","placementName":"button1","deviceTemplateName":"CDK"}},"deviceEvent":{"buttonClicked":{"clickType":"SINGLE","reportedTime":"2022-04-11T02:24:56.674Z"}},"placementInfo":{"projectName":"CDKTest","placementName":"button1","attributes":{"event":"{   \\"body\\": { \\"firstname\\": \\"symbol-xym\\" } }"},"devices":{"CDK":"7MF6JK6WPDQ25378"}}}'
    }
  },
  TransferTransaction {
    type: 16724,
    networkType: 152,
    version: 1,
    deadline: Deadline { adjustedValue: 11802316039 },
    maxFee: UInt64 { lower: 2000000, higher: 0 },
    signature: '7293E5AEA72BAA2E644038BB13748A47E8E39432178DE6B21F28F30E2ABD2C57D2FF9BDC00C248D2B584EFDFE89AB1A9A932BAFA2AFC238A2B40D5B9C5B0A809',
    signer: PublicAccount {
      publicKey: '8DEB6986E0B9DC5F4A71E0F73BB437567B156730BFCD3F133B977B43152EF492',
      address: [Address]
    },
    transactionInfo: TransactionInfo {
      height: [UInt64],
      index: 0,
      id: '625391D10A21EB5CD2856F9A',
      hash: 'F8886F974BC2386446DE87C5E0BE90A5EA114333EB76D28116294EA74AF9CB43',
      merkleComponentHash: 'F8886F974BC2386446DE87C5E0BE90A5EA114333EB76D28116294EA74AF9CB43'
    },
    payloadSize: 666,
    recipientAddress: Address {
      address: 'TATO6GDWZRAT6IY4HWN4QUHIB73KZSY2T3NXX5A',
      networkType: 152
    },
    mosaics: [ [Mosaic] ],
    message: PlainMessage {
      type: 0,
      payload: '{"deviceInfo":{"deviceId":"7MF6JK6WPDQ25378","type":"button","remainingLife":79.56561,"attributes":{"projectRegion":"ap-northeast-1","projectName":"CDKTest","placementName":"button1","deviceTemplateName":"CDK"}},"deviceEvent":{"buttonClicked":{"clickType":"SINGLE","reportedTime":"2022-04-11T02:26:01.764Z"}},"placementInfo":{"projectName":"CDKTest","placementName":"button1","attributes":{"event":"{   \\"body\\": { \\"firstname\\": \\"symbol-xym\\" } }"},"devices":{"CDK":"7MF6JK6WPDQ25378"}}}'
    }
  },
  TransferTransaction {
    type: 16724,
    networkType: 152,
    version: 1,
    deadline: Deadline { adjustedValue: 11804219019 },
    maxFee: UInt64 { lower: 2000000, higher: 0 },
    signature: '66251D67C6C16C7E0B7B9A17262282C4BB58A46FEC1F792FDA4765A4877C26917781F3E9FCDD4824CCDFC2584941438BA2B3D3DA9B626FCA60DBC4FE23801906',
    signer: PublicAccount {
      publicKey: '8DEB6986E0B9DC5F4A71E0F73BB437567B156730BFCD3F133B977B43152EF492',
      address: [Address]
    },
    transactionInfo: TransactionInfo {
      height: [UInt64],
      index: 0,
      id: '625399340A21EB5CD2857010',
      hash: '6BF00D6F76932507D3DD9DF3F63B5A862400F92363FB90D39B2E013AF0CE8A55',
      merkleComponentHash: '6BF00D6F76932507D3DD9DF3F63B5A862400F92363FB90D39B2E013AF0CE8A55'
    },
    payloadSize: 646,
    recipientAddress: Address {
      address: 'TATO6GDWZRAT6IY4HWN4QUHIB73KZSY2T3NXX5A',
      networkType: 152
    },
    mosaics: [ [Mosaic] ],
    message: PlainMessage {
      type: 0,
      payload: '{"deviceInfo":{"deviceId":"7MF6JK6WPDQ25378","type":"button","remainingLife":79.559586,"attributes":{"projectRegion":"ap-northeast-1","projectName":"CDKTest","placementName":"button1","deviceTemplateName":"CDK"}},"deviceEvent":{"buttonClicked":{"clickType":"SINGLE","reportedTime":"2022-04-11T02:57:43.222Z"}},"placementInfo":{"projectName":"CDKTest","placementName":"button1","attributes":{"event":"{   \\"body\\": \\"matsumto\\" }"},"devices":{"CDK":"7MF6JK6WPDQ25378"}}}'
    }
  },
  TransferTransaction {
    type: 16724,
    networkType: 152,
    version: 1,
    deadline: Deadline { adjustedValue: 11804246738 },
    maxFee: UInt64 { lower: 2000000, higher: 0 },
    signature: '06E7DD26C31990960D5684C0D465B055FE1AA950533A17EA2871237B15503C4E5B168F94EC404C57D6DE975801DD30278261CCC38AC50BFABEA6373D86916E0A',
    signer: PublicAccount {
      publicKey: '8DEB6986E0B9DC5F4A71E0F73BB437567B156730BFCD3F133B977B43152EF492',
      address: [Address]
    },
    transactionInfo: TransactionInfo {
      height: [UInt64],
      index: 0,
      id: '6253995D0A21EB5CD2857019',
      hash: '48A78F29DE719958F1F2C6478F7FFD205754339929056D60A78A124AE3A95D49',
      merkleComponentHash: '48A78F29DE719958F1F2C6478F7FFD205754339929056D60A78A124AE3A95D49'
    },
    payloadSize: 646,
    recipientAddress: Address {
      address: 'TATO6GDWZRAT6IY4HWN4QUHIB73KZSY2T3NXX5A',
      networkType: 152
    },
    mosaics: [ [Mosaic] ],
    message: PlainMessage {
      type: 0,
      payload: '{"deviceInfo":{"deviceId":"7MF6JK6WPDQ25378","type":"button","remainingLife":79.559494,"attributes":{"projectRegion":"ap-northeast-1","projectName":"CDKTest","placementName":"button1","deviceTemplateName":"CDK"}},"deviceEvent":{"buttonClicked":{"clickType":"SINGLE","reportedTime":"2022-04-11T02:58:12.293Z"}},"placementInfo":{"projectName":"CDKTest","placementName":"button1","attributes":{"event":"{   \\"body\\": \\"matsumto\\" }"},"devices":{"CDK":"7MF6JK6WPDQ25378"}}}'
    }
  },
  TransferTransaction {
    type: 16724,
    networkType: 152,
    version: 1,
    deadline: Deadline { adjustedValue: 11804263059 },
    maxFee: UInt64 { lower: 2000000, higher: 0 },
    signature: '3EC39D7F1751AB1C512F962EA0C3BD60F51E9E303EDA817A3CA223161DFDB0C261CEC188B5F41FACF5E3A9BA24E53B97B094C2189B5CDB5DAFC0CFC222C18A0D',
    signer: PublicAccount {
      publicKey: '8DEB6986E0B9DC5F4A71E0F73BB437567B156730BFCD3F133B977B43152EF492',
      address: [Address]
    },
    transactionInfo: TransactionInfo {
      height: [UInt64],
      index: 1,
      id: '6253995D0A21EB5CD285701A',
      hash: '7E3C04902A00A4BCFD30BE0F545537B080DCE87E52AE0A89E5A0EF3DF8EDB582',
      merkleComponentHash: '7E3C04902A00A4BCFD30BE0F545537B080DCE87E52AE0A89E5A0EF3DF8EDB582'
    },
    payloadSize: 645,
    recipientAddress: Address {
      address: 'TATO6GDWZRAT6IY4HWN4QUHIB73KZSY2T3NXX5A',
      networkType: 152
    },
    mosaics: [ [Mosaic] ],
    message: PlainMessage {
      type: 0,
      payload: '{"deviceInfo":{"deviceId":"7MF6JK6WPDQ25378","type":"button","remainingLife":79.55944,"attributes":{"projectRegion":"ap-northeast-1","projectName":"CDKTest","placementName":"button1","deviceTemplateName":"CDK"}},"deviceEvent":{"buttonClicked":{"clickType":"SINGLE","reportedTime":"2022-04-11T02:58:28.953Z"}},"placementInfo":{"projectName":"CDKTest","placementName":"button1","attributes":{"event":"{   \\"body\\": \\"matsumto\\" }"},"devices":{"CDK":"7MF6JK6WPDQ25378"}}}'
    }
  },
  TransferTransaction {
    type: 16724,
    networkType: 152,
    version: 1,
    deadline: Deadline { adjustedValue: 11804338819 },
    maxFee: UInt64 { lower: 2000000, higher: 0 },
    signature: '03F54EE605C40D8A09CBA152889B9D6F3C8D75D23F5687552723AEB0E712A9C1AF9A70AD1E8B438EF83A9722FEDBDF75B9EBD6D240647FBA0F0115752E7C5B0F',
    signer: PublicAccount {
      publicKey: '8DEB6986E0B9DC5F4A71E0F73BB437567B156730BFCD3F133B977B43152EF492',
      address: [Address]
    },
    transactionInfo: TransactionInfo {
      height: [UInt64],
      index: 0,
      id: '625399A70A21EB5CD2857022',
      hash: 'A76876196B3FD0DBD69DA420613137F7D43D5CCCC64FB5C378291B45B517331D',
      merkleComponentHash: 'A76876196B3FD0DBD69DA420613137F7D43D5CCCC64FB5C378291B45B517331D'
    },
    payloadSize: 665,
    recipientAddress: Address {
      address: 'TATO6GDWZRAT6IY4HWN4QUHIB73KZSY2T3NXX5A',
      networkType: 152
    },
    mosaics: [ [Mosaic] ],
    message: PlainMessage {
      type: 0,
      payload: '{"deviceInfo":{"deviceId":"7MF6JK6WPDQ25378","type":"button","remainingLife":79.559204,"attributes":{"projectRegion":"ap-northeast-1","projectName":"CDKTest","placementName":"button1","deviceTemplateName":"CDK"}},"deviceEvent":{"buttonClicked":{"clickType":"DOUBLE","reportedTime":"2022-04-11T02:59:44.115Z"}},"placementInfo":{"projectName":"CDKTest","placementName":"button1","attributes":{"event":"{ \\"body\\": { \\"firstname\\": \\"symbol-xym\\" } }"},"devices":{"CDK":"7MF6JK6WPDQ25378"}}}'
    }
  },
  TransferTransaction {
    type: 16724,
    networkType: 152,
    version: 1,
    deadline: Deadline { adjustedValue: 11804360579 },
    maxFee: UInt64 { lower: 2000000, higher: 0 },
    signature: 'FC6714E77ADF7D9F236416D625EA35E65CC8C87F95592E0A5DB0FE96349A0512AE74CDC6C43C5CADF157643F00C22C1805F260F84D5FECF2F87A461FBF94D300',
    signer: PublicAccount {
      publicKey: '8DEB6986E0B9DC5F4A71E0F73BB437567B156730BFCD3F133B977B43152EF492',
      address: [Address]
    },
    transactionInfo: TransactionInfo {
      height: [UInt64],
      index: 0,
      id: '625399C80A21EB5CD2857026',
      hash: '28C8E5413DD032D47280640E04B047B361E09AC9298EF47E8603AD0561AAD77E',
      merkleComponentHash: '28C8E5413DD032D47280640E04B047B361E09AC9298EF47E8603AD0561AAD77E'
    },
    payloadSize: 664,
    recipientAddress: Address {
      address: 'TATO6GDWZRAT6IY4HWN4QUHIB73KZSY2T3NXX5A',
      networkType: 152
    },
    mosaics: [ [Mosaic] ],
    message: PlainMessage {
      type: 0,
      payload: '{"deviceInfo":{"deviceId":"7MF6JK6WPDQ25378","type":"button","remainingLife":79.55913,"attributes":{"projectRegion":"ap-northeast-1","projectName":"CDKTest","placementName":"button1","deviceTemplateName":"CDK"}},"deviceEvent":{"buttonClicked":{"clickType":"SINGLE","reportedTime":"2022-04-11T03:00:06.188Z"}},"placementInfo":{"projectName":"CDKTest","placementName":"button1","attributes":{"event":"{ \\"body\\": { \\"firstname\\": \\"symbol-xym\\" } }"},"devices":{"CDK":"7MF6JK6WPDQ25378"}}}'
    }
  },
  AggregateTransaction {
    type: 16705,
    networkType: 152,
    version: 1,
    deadline: Deadline { adjustedValue: 11886269932 },
    maxFee: UInt64 { lower: 2394600, higher: 0 },
    signature: 'B58D216101B1679A8994D2753F721A34C9CCAD6AFF1DCC969687DBDD8EE393874CBBC9AF8ACE3A2A95E5F18F8B5FFA7F4B02B15E1525AFBE986FFF215D797907',
    signer: PublicAccount {
      publicKey: '8DEB6986E0B9DC5F4A71E0F73BB437567B156730BFCD3F133B977B43152EF492',
      address: [Address]
    },
    transactionInfo: TransactionInfo {
      height: [UInt64],
      index: 0,
      id: '6254D9BA0A21EB5CD2858651',
      hash: 'C06BBFE1527A4EA42D2BAA51179DBDA8B5ED2BDA323C9CE6760479DC5366EB61',
      merkleComponentHash: 'C06BBFE1527A4EA42D2BAA51179DBDA8B5ED2BDA323C9CE6760479DC5366EB61'
    },
    payloadSize: 312,
    innerTransactions: [],
    cosignatures: []
  },
  TransferTransaction {
    type: 16724,
    networkType: 152,
    version: 1,
    deadline: Deadline { adjustedValue: 12059489984 },
    maxFee: UInt64 { lower: 17600, higher: 0 },
    signature: 'B0818705FC89B82706970A0990872A8D1B3917ADF7F66DA5FEE3DC476CA0E48FBD66856CC4899197454087084667E962F1B5650160FC2A04294979F9B3B1A10D',
    signer: PublicAccount {
      publicKey: '8DEB6986E0B9DC5F4A71E0F73BB437567B156730BFCD3F133B977B43152EF492',
      address: [Address]
    },
    transactionInfo: TransactionInfo {
      height: [UInt64],
      index: 0,
      id: '62577EA10A21EB5CD285B5E4',
      hash: '46743AF80F67A900F11BA3D32B8CD8706D2DC296AF682D606AB626AC34BAAB4C',
      merkleComponentHash: '46743AF80F67A900F11BA3D32B8CD8706D2DC296AF682D606AB626AC34BAAB4C'
    },
    payloadSize: 176,
    recipientAddress: Address {
      address: 'TCECL5ULHNEJ46NBRU45FL5AF2MIFF7HB3JNRGQ',
      networkType: 152
    },
    mosaics: [ [Mosaic] ],
    message: RawMessage { type: -1, payload: '' }
  },
  TransferTransaction {
    type: 16724,
    networkType: 152,
    version: 1,
    deadline: Deadline { adjustedValue: 12059549238 },
    maxFee: UInt64 { lower: 17600, higher: 0 },
    signature: '2223CC3FF84E17C04D49AC559754DE5434B66B9496F3D8DEA3EA6CE199007EB912AB1DE16CBF0618BF2ED51F183DBB288800818E4DE286CE6D38DE098051110D',
    signer: PublicAccount {
      publicKey: '8DEB6986E0B9DC5F4A71E0F73BB437567B156730BFCD3F133B977B43152EF492',
      address: [Address]
    },
    transactionInfo: TransactionInfo {
      height: [UInt64],
      index: 1,
      id: '62577EA10A21EB5CD285B5E7',
      hash: '28EA7386EDFA040F63DFBC400CD8AE3F7A6A2A37D0AE8EC2DC1B7986D1A63B9F',
      merkleComponentHash: '28EA7386EDFA040F63DFBC400CD8AE3F7A6A2A37D0AE8EC2DC1B7986D1A63B9F'
    },
    payloadSize: 176,
    recipientAddress: Address {
      address: 'TCECL5ULHNEJ46NBRU45FL5AF2MIFF7HB3JNRGQ',
      networkType: 152
    },
    mosaics: [ [Mosaic] ],
    message: RawMessage { type: -1, payload: '' }
  },
  AggregateTransaction {
    type: 16705,
    networkType: 152,
    version: 1,
    deadline: Deadline { adjustedValue: 12059691963 },
    maxFee: UInt64 { lower: 31200, higher: 0 },
    signature: '9AC8D8C6F1831CD40A2FD0CE18227195BE94276382F64B53763C7A227CA92BDBF9E331FCBBCCA72F8216B5C1DFC9E5A0C96A948C084A1EC1589F101741122C04',
    signer: PublicAccount {
      publicKey: '8DEB6986E0B9DC5F4A71E0F73BB437567B156730BFCD3F133B977B43152EF492',
      address: [Address]
    },
    transactionInfo: TransactionInfo {
      height: [UInt64],
      index: 0,
      id: '62577F3B0A21EB5CD285B5F6',
      hash: 'CC76F1F62E5A025CFB0AD50796BEBCDF8C954E99774CCE517A85797C22DB9127',
      merkleComponentHash: 'CC76F1F62E5A025CFB0AD50796BEBCDF8C954E99774CCE517A85797C22DB9127'
    },
    payloadSize: 312,
    innerTransactions: [],
    cosignatures: []
  },
  TransferTransaction {
    type: 16724,
    networkType: 152,
    version: 1,
    deadline: Deadline { adjustedValue: 12059754885 },
    maxFee: UInt64 { lower: 17600, higher: 0 },
    signature: '18D86BFF75721A5A78EAD395321A3F57C7EFDA718BAE8290175F8A2AB8AB2E8A498A925F5A5384DD13519F154BC6B274EE0DEF20EB7824920F1DDE3E0CD7E10F',
    signer: PublicAccount {
      publicKey: '8DEB6986E0B9DC5F4A71E0F73BB437567B156730BFCD3F133B977B43152EF492',
      address: [Address]
    },
    transactionInfo: TransactionInfo {
      height: [UInt64],
      index: 0,
      id: '62577F760A21EB5CD285B5FF',
      hash: 'D9793ECA1AB24BFF1E045C9C1FE4ED3629246BE4FC9C3927F1A8B57F6AEBE3A1',
      merkleComponentHash: 'D9793ECA1AB24BFF1E045C9C1FE4ED3629246BE4FC9C3927F1A8B57F6AEBE3A1'
    },
    payloadSize: 176,
    recipientAddress: Address {
      address: 'TCECL5ULHNEJ46NBRU45FL5AF2MIFF7HB3JNRGQ',
      networkType: 152
    },
    mosaics: [ [Mosaic] ],
    message: RawMessage { type: -1, payload: '' }
  },
  AggregateTransaction {
    type: 16705,
    networkType: 152,
    version: 1,
    deadline: Deadline { adjustedValue: 12062917677 },
    maxFee: UInt64 { lower: 31008, higher: 0 },
    signature: '8A5ADDB765BC5F7B38401B359CCD90A51A712EEA6956CDFC7DC56AEFD5AB5E4B9873E69091F0A5F3D413BEC65704AB7106D89C9B6DF7369D8AB566BA4064080B',
    signer: PublicAccount {
      publicKey: '8DEB6986E0B9DC5F4A71E0F73BB437567B156730BFCD3F133B977B43152EF492',
      address: [Address]
    },
    transactionInfo: TransactionInfo {
      height: [UInt64],
      index: 0,
      id: '62578BD70A21EB5CD285B700',
      hash: '3AF888ACCDC223D3A404AA3B67603417D157800EEC0A8DA04115A348EB9F036D',
      merkleComponentHash: '3AF888ACCDC223D3A404AA3B67603417D157800EEC0A8DA04115A348EB9F036D'
    },
    payloadSize: 304,
    innerTransactions: [],
    cosignatures: []
  },
  NamespaceRegistrationTransaction {
    type: 16718,
    networkType: 152,
    version: 1,
    deadline: Deadline { adjustedValue: 12065052893 },
    maxFee: UInt64 { lower: 16320, higher: 0 },
    signature: 'DFA82F1CF179AB9A2C710F4C776B9747887CF12DE3B3F9D8F72CA3F365C3D9883C0049587F9170B470BD888F4461F74F6ADDBCB53E710A2613DA99DE4CE5DA09',
    signer: PublicAccount {
      publicKey: '8DEB6986E0B9DC5F4A71E0F73BB437567B156730BFCD3F133B977B43152EF492',
      address: [Address]
    },
    transactionInfo: TransactionInfo {
      height: [UInt64],
      index: 0,
      id: '625794240A21EB5CD285B78C',
      hash: '92919BC02E64803DF29DA89255CD18DB082119D0B91397D20EEAD5EFC0995429',
      merkleComponentHash: '92919BC02E64803DF29DA89255CD18DB082119D0B91397D20EEAD5EFC0995429'
    },
    payloadSize: 160,
    registrationType: 0,
    namespaceName: 'test-namespace',
    namespaceId: NamespaceId { id: [Id] },
    duration: UInt64 { lower: 86400, higher: 0 },
    parentId: undefined
  },
  MosaicAliasTransaction {
    type: 17230,
    networkType: 152,
    version: 1,
    deadline: Deadline { adjustedValue: 12065112846 },
    maxFee: UInt64 { lower: 14790, higher: 0 },
    signature: '35E19B9E3C9D2E1C039A363E765086960374524409D210BDF2EA1CE204217287E97F56453EA0D81548F02789EFAB9D4C19838D68C989948FCE65461B7D36B604',
    signer: PublicAccount {
      publicKey: '8DEB6986E0B9DC5F4A71E0F73BB437567B156730BFCD3F133B977B43152EF492',
      address: [Address]
    },
    transactionInfo: TransactionInfo {
      height: [UInt64],
      index: 0,
      id: '625794610A21EB5CD285B795',
      hash: '0E52CCAEA14E1EFFAB2C4971A91AFFF45B43421018379ECBE4D0192121250CC5',
      merkleComponentHash: '0E52CCAEA14E1EFFAB2C4971A91AFFF45B43421018379ECBE4D0192121250CC5'
    },
    payloadSize: 145,
    aliasAction: 1,
    namespaceId: NamespaceId { id: [Id] },
    mosaicId: MosaicId { id: [Id] }
  },
  TransferTransaction {
    type: 16724,
    networkType: 152,
    version: 1,
    deadline: Deadline { adjustedValue: 12065790948 },
    maxFee: UInt64 { lower: 17952, higher: 0 },
    signature: '13DFFCCEBB218D7052A9DD34287BF2D1EFAEB8AF78CF8AE22152A64A23EC6162BA5B39CFCE3CC30B9A85374D8F7B3E905B18F1F9398AFA8B59AB88B55BABA209',
    signer: PublicAccount {
      publicKey: '8DEB6986E0B9DC5F4A71E0F73BB437567B156730BFCD3F133B977B43152EF492',
      address: [Address]
    },
    transactionInfo: TransactionInfo {
      height: [UInt64],
      index: 0,
      id: '625797050A21EB5CD285B7C5',
      hash: '28E0AD9EDF6E6A9DF9347DC3C6D28337CC0AC9BC0BC21DC515E1A26CFD8C2438',
      merkleComponentHash: '28E0AD9EDF6E6A9DF9347DC3C6D28337CC0AC9BC0BC21DC515E1A26CFD8C2438'
    },
    payloadSize: 176,
    recipientAddress: Address {
      address: 'TDG6OAZH3X73CLWYHHQWT44UQCGMVJNNDTVYU6A',
      networkType: 152
    },
    mosaics: [ [Mosaic] ],
    message: RawMessage { type: -1, payload: '' }
  },
  TransferTransaction {
    type: 16724,
    networkType: 152,
    version: 1,
    deadline: Deadline { adjustedValue: 12065815331 },
    maxFee: UInt64 { lower: 17952, higher: 0 },
    signature: '3B7C9F5F89DE4AB817BD5638D740DDB9EC3927075A77F4CB3A5FF70159E5868A7C87800F7ACC66F6046934511C01A118568004AB6E10107F2ED290F2E1096D02',
    signer: PublicAccount {
      publicKey: '8DEB6986E0B9DC5F4A71E0F73BB437567B156730BFCD3F133B977B43152EF492',
      address: [Address]
    },
    transactionInfo: TransactionInfo {
      height: [UInt64],
      index: 0,
      id: '625797190A21EB5CD285B7C9',
      hash: '1DDCAC16914D95848149DAE04AF929B5EF4DD87275AA8EFA110174C2B030DF2B',
      merkleComponentHash: '1DDCAC16914D95848149DAE04AF929B5EF4DD87275AA8EFA110174C2B030DF2B'
    },
    payloadSize: 176,
    recipientAddress: Address {
      address: 'TDZSX4LYVUALATZOYKKRU4PXUHSOILF6RKNASFY',
      networkType: 152
    },
    mosaics: [ [Mosaic] ],
    message: RawMessage { type: -1, payload: '' }
  },
  TransferTransaction {
    type: 16724,
    networkType: 152,
    version: 1,
    deadline: Deadline { adjustedValue: 12065856633 },
    maxFee: UInt64 { lower: 17952, higher: 0 },
    signature: '1477FFDD1CC673F247AF9E2DC49F93A566D70C12662C89CBF05E5FCA7AB5DF0CF04F92E6B075CE1AC05FA01380159E1BABB149279C5329D4D78F05D580E39008',
    signer: PublicAccount {
      publicKey: '8DEB6986E0B9DC5F4A71E0F73BB437567B156730BFCD3F133B977B43152EF492',
      address: [Address]
    },
    transactionInfo: TransactionInfo {
      height: [UInt64],
      index: 0,
      id: '625797540A21EB5CD285B7CF',
      hash: 'FC147F11BB1F4C3E385F1B875C875E6A5DC7A0A287BE3574E86BCA7377C3553C',
      merkleComponentHash: 'FC147F11BB1F4C3E385F1B875C875E6A5DC7A0A287BE3574E86BCA7377C3553C'
    },
    payloadSize: 176,
    recipientAddress: Address {
      address: 'TD2EG3KPB2EFC4CZOHDIZKT4MAWRUCFUA66K6YQ',
      networkType: 152
    },
    mosaics: [ [Mosaic] ],
    message: RawMessage { type: -1, payload: '' }
  },
  AggregateTransaction {
    type: 16961,
    networkType: 152,
    version: 1,
    deadline: Deadline { adjustedValue: 12231766403 },
    maxFee: UInt64 { lower: 48144, higher: 0 },
    signature: 'E986D5723AD744CCEA876054159405173F6B68826280FD79D3CA213441C52E0B9AAF12C517976DE3B18D300811D40A519A7B64E7BC3023B2710209624534C204',
    signer: PublicAccount {
      publicKey: 'DF3F818D82D302A8A2129A485AED140CE7F2C00513E7F8A78065D76B002D384F',
      address: [Address]
    },
    transactionInfo: TransactionInfo {
      height: [UInt64],
      index: 0,
      id: '625798C60A21EB5CD285B7FD',
      hash: 'E1FF7BA6321FB7C49F0F51ABDC4D0D366D862125AD1F7A5765913E3F1904BD71',
      merkleComponentHash: 'D3EF34B24B905B709DD44CA6B6E7AFE814FDB89637FAE842E1A25282B5DD6125'
    },
    payloadSize: 368,
    innerTransactions: [],
    cosignatures: [ [AggregateTransactionCosignature] ]
  },
  TransferTransaction {
    type: 16724,
    networkType: 152,
    version: 1,
    deadline: Deadline { adjustedValue: 12082973407 },
    maxFee: UInt64 { lower: 712096, higher: 0 },
    signature: 'B16404764E674DA8700E03C19B0DC3C1810FD4928B492077E68E33A02DD9DE8DC65E6E84620201DBA361E43153AD539FCF3FC914E91AE6993F8B8879F41ABD06',
    signer: PublicAccount {
      publicKey: '8DEB6986E0B9DC5F4A71E0F73BB437567B156730BFCD3F133B977B43152EF492',
      address: [Address]
    },
    transactionInfo: TransactionInfo {
      height: [UInt64],
      index: 0,
      id: '6257DA2B0A21EB5CD285BCB8',
      hash: '9CE14E741E2FBF4ABDCA3C2403DF58810EB535E49167D7A7E477728EF9C91728',
      merkleComponentHash: '9CE14E741E2FBF4ABDCA3C2403DF58810EB535E49167D7A7E477728EF9C91728'
    },
    payloadSize: 176,
    recipientAddress: Address {
      address: 'TATO6GDWZRAT6IY4HWN4QUHIB73KZSY2T3NXX5A',
      networkType: 152
    },
    mosaics: [ [Mosaic] ],
    message: RawMessage { type: -1, payload: '' }
  },
  AggregateTransaction {
    type: 16705,
    networkType: 152,
    version: 1,
    deadline: Deadline { adjustedValue: 12083086255 },
    maxFee: UInt64 { lower: 389286, higher: 0 },
    signature: '1D3D8B03901AE4CE9C92F67913FDB2961D97DE016D2A1FAD9726F7CD6583E03987CB3037C67A8D0D60EDCD2FACEEC60207E0649A8983C9E5A7982192C331C90C',
    signer: PublicAccount {
      publicKey: '8DEB6986E0B9DC5F4A71E0F73BB437567B156730BFCD3F133B977B43152EF492',
      address: [Address]
    },
    transactionInfo: TransactionInfo {
      height: [UInt64],
      index: 0,
      id: '6257DA9B0A21EB5CD285BCC1',
      hash: '825671DBA40DC71FD5D74D44384EC4C864D51ABBE194796AACE62C95905D088E',
      merkleComponentHash: '825671DBA40DC71FD5D74D44384EC4C864D51ABBE194796AACE62C95905D088E'
    },
    payloadSize: 256,
    innerTransactions: [],
    cosignatures: []
  },
  AggregateTransaction {
    type: 16705,
    networkType: 152,
    version: 1,
    deadline: Deadline { adjustedValue: 12083157667 },
    maxFee: UInt64 { lower: 1040128, higher: 0 },
    signature: '17F34DA7A6BDE8AB9DC4509411C48A44AAF81B3FA33D495CF2134E19B13CF6A6D6557819C8C2BF9CF3FEECE9AA924AD69B213BEB48F3429D3A0B9BCE303E1501',
    signer: PublicAccount {
      publicKey: '8DEB6986E0B9DC5F4A71E0F73BB437567B156730BFCD3F133B977B43152EF492',
      address: [Address]
    },
    transactionInfo: TransactionInfo {
      height: [UInt64],
      index: 0,
      id: '6257DACE0A21EB5CD285BCC9',
      hash: '71250EE0EFF9902128F9ABE3E1384EB0A4396B3497226E234E312AA37D165BD3',
      merkleComponentHash: '71250EE0EFF9902128F9ABE3E1384EB0A4396B3497226E234E312AA37D165BD3'
    },
    payloadSize: 256,
    innerTransactions: [],
    cosignatures: []
  },
  AggregateTransaction {
    type: 16705,
    networkType: 152,
    version: 1,
    deadline: Deadline { adjustedValue: 12083760940 },
    maxFee: UInt64 { lower: 1870056, higher: 0 },
    signature: '64BC102E6A8B43466143B4370B56C4F26790CDA230DC325F93DB36A1CD31FD0CE792E6A734D4B8DF05B6DDD5352E4A59E66BE96331FB66012F5CBDC3656D210B',
    signer: PublicAccount {
      publicKey: '8DEB6986E0B9DC5F4A71E0F73BB437567B156730BFCD3F133B977B43152EF492',
      address: [Address]
    },
    transactionInfo: TransactionInfo {
      height: [UInt64],
      index: 0,
      id: '6257DD3A0A21EB5CD285BD09',
      hash: '456C5A042EA2BBFDBCF41261F30AF1240512BAB05C53E0C50CB17146D120651C',
      merkleComponentHash: '456C5A042EA2BBFDBCF41261F30AF1240512BAB05C53E0C50CB17146D120651C'
    },
    payloadSize: 456,
    innerTransactions: [],
    cosignatures: []
  },
  TransferTransaction {
    type: 16724,
    networkType: 152,
    version: 1,
    deadline: Deadline { adjustedValue: 12235640080 },
    maxFee: UInt64 { lower: 17776, higher: 0 },
    signature: '51299B8F78EBD78CA30F12947A2A3B848BE9ADFC16D3BBF678997F5DC69EBDBE28D30CF8CEC9FB6F6F36D56D173BE9D7C36B5BF962E457FA6957DBEF10BDB50E',
    signer: PublicAccount {
      publicKey: '8DEB6986E0B9DC5F4A71E0F73BB437567B156730BFCD3F133B977B43152EF492',
      address: [Address]
    },
    transactionInfo: TransactionInfo {
      height: [UInt64],
      index: 0,
      id: '625A2E930A21EB5CD285F025',
      hash: 'B5303AE7273C66365358D7C6C3750BA4DEF77B939309A8C5FCAEFC5F353CAB2D',
      merkleComponentHash: 'B5303AE7273C66365358D7C6C3750BA4DEF77B939309A8C5FCAEFC5F353CAB2D'
    },
    payloadSize: 176,
    recipientAddress: Address {
      address: 'TC3ARZWQT6UBGIWLZATK436OBSTSO6AHKJ7N4XI',
      networkType: 152
    },
    mosaics: [ [Mosaic] ],
    message: RawMessage { type: -1, payload: '' }
  },
  TransferTransaction {
    type: 16724,
    networkType: 152,
    version: 1,
    deadline: Deadline { adjustedValue: 13562361462 },
    maxFee: UInt64 { lower: 739024, higher: 0 },
    signature: '100DF07870209CA8332DD70C7547A5ED851A9BDC5D08E5D4B96CEC92E03A4A905008FDDC63341B5592C18AFE9901F885A55D0B7CACBA395F69C26641D159DB0A',
    signer: PublicAccount {
      publicKey: '8DEB6986E0B9DC5F4A71E0F73BB437567B156730BFCD3F133B977B43152EF492',
      address: [Address]
    },
    transactionInfo: TransactionInfo {
      height: [UInt64],
      index: 0,
      id: '626E6D050A21EB5CD287B16D',
      hash: '8DB0F4773DA50F027581E1D2414D119649D5BA1FD5337B69EEC032E58CD8923B',
      merkleComponentHash: '8DB0F4773DA50F027581E1D2414D119649D5BA1FD5337B69EEC032E58CD8923B'
    },
    payloadSize: 176,
    recipientAddress: Address {
      address: 'TATO6GDWZRAT6IY4HWN4QUHIB73KZSY2T3NXX5A',
      networkType: 152
    },
    mosaics: [ [Mosaic] ],
    message: RawMessage { type: -1, payload: '' }
  },
  TransferTransaction {
    type: 16724,
    networkType: 152,
    version: 1,
    deadline: Deadline { adjustedValue: 13566683574 },
    maxFee: UInt64 { lower: 772005, higher: 0 },
    signature: 'E9552B5170F8695ECF00D03C9F6CB47D5662705A0AC59FE72D0D7ACA2959F37F2780048F89BD6A9034DC724A91E5E04CB3BDA42C37BD7B2BDAA642013491960E',
    signer: PublicAccount {
      publicKey: '8DEB6986E0B9DC5F4A71E0F73BB437567B156730BFCD3F133B977B43152EF492',
      address: [Address]
    },
    transactionInfo: TransactionInfo {
      height: [UInt64],
      index: 0,
      id: '626E7DE50A21EB5CD287B287',
      hash: '56467C65FF76A80C90A41CBCAAEC7BBBE23C9C8F928E1ED8FD7FA59E529CBF9F',
      merkleComponentHash: '56467C65FF76A80C90A41CBCAAEC7BBBE23C9C8F928E1ED8FD7FA59E529CBF9F'
    },
    payloadSize: 185,
    recipientAddress: Address {
      address: 'TATO6GDWZRAT6IY4HWN4QUHIB73KZSY2T3NXX5A',
      networkType: 152
    },
    mosaics: [ [Mosaic] ],
    message: PlainMessage { type: 0, payload: 'kazumasa' }
  }
]
